{"F:\\orcamentos\\backend\\src\\app.controller.ts": {"path":"F:\\orcamentos\\backend\\src\\app.controller.ts","statementMap":{"0":{"start":{"line":1,"column":0},"end":{"line":1,"column":49}},"1":{"start":{"line":2,"column":0},"end":{"line":2,"column":56}},"2":{"start":{"line":3,"column":0},"end":{"line":3,"column":43}},"3":{"start":{"line":7,"column":7},"end":{"line":18,"column":null}},"4":{"start":{"line":8,"column":31},"end":{"line":8,"column":43}},"5":{"start":{"line":16,"column":4},"end":{"line":16,"column":38}},"6":{"start":{"line":7,"column":13},"end":{"line":7,"column":26}},"7":{"start":{"line":15,"column":2},"end":{"line":17,"column":null}},"8":{"start":{"line":7,"column":13},"end":{"line":18,"column":null}}},"fnMap":{"0":{"name":"(anonymous_2)","decl":{"start":{"line":8,"column":2},"end":{"line":8,"column":31}},"loc":{"start":{"line":8,"column":53},"end":{"line":8,"column":57}}},"1":{"name":"(anonymous_3)","decl":{"start":{"line":15,"column":2},"end":{"line":15,"column":10}},"loc":{"start":{"line":15,"column":10},"end":{"line":17,"column":3}}}},"branchMap":{"0":{"loc":{"start":{"line":8,"column":43},"end":{"line":8,"column":56}},"type":"cond-expr","locations":[{"start":{"line":8,"column":53},"end":{"line":8,"column":56}},{"start":{"line":8,"column":53},"end":{"line":8,"column":56}}]},"1":{"loc":{"start":{"line":8,"column":43},"end":{"line":8,"column":53}},"type":"binary-expr","locations":[{"start":{"line":8,"column":43},"end":{"line":8,"column":56}},{"start":{"line":8,"column":43},"end":{"line":8,"column":53}}]}},"s":{"0":0,"1":0,"2":0,"3":0,"4":0,"5":0,"6":0,"7":0,"8":0},"f":{"0":0,"1":0},"b":{"0":[0,0],"1":[0,0]}}
,"F:\\orcamentos\\backend\\src\\app.module.ts": {"path":"F:\\orcamentos\\backend\\src\\app.module.ts","statementMap":{"0":{"start":{"line":1,"column":0},"end":{"line":1,"column":40}},"1":{"start":{"line":2,"column":0},"end":{"line":2,"column":42}},"2":{"start":{"line":3,"column":0},"end":{"line":3,"column":61}},"3":{"start":{"line":4,"column":0},"end":{"line":4,"column":40}},"4":{"start":{"line":5,"column":0},"end":{"line":5,"column":49}},"5":{"start":{"line":6,"column":0},"end":{"line":6,"column":43}},"6":{"start":{"line":7,"column":0},"end":{"line":7,"column":56}},"7":{"start":{"line":8,"column":0},"end":{"line":8,"column":65}},"8":{"start":{"line":9,"column":0},"end":{"line":9,"column":71}},"9":{"start":{"line":10,"column":0},"end":{"line":10,"column":68}},"10":{"start":{"line":11,"column":0},"end":{"line":11,"column":68}},"11":{"start":{"line":12,"column":0},"end":{"line":12,"column":56}},"12":{"start":{"line":13,"column":0},"end":{"line":13,"column":74}},"13":{"start":{"line":15,"column":0},"end":{"line":15,"column":68}},"14":{"start":{"line":16,"column":0},"end":{"line":16,"column":53}},"15":{"start":{"line":17,"column":0},"end":{"line":17,"column":65}},"16":{"start":{"line":18,"column":0},"end":{"line":18,"column":57}},"17":{"start":{"line":19,"column":0},"end":{"line":19,"column":62}},"18":{"start":{"line":20,"column":0},"end":{"line":20,"column":62}},"19":{"start":{"line":61,"column":7},"end":{"line":61,"column":null}},"20":{"start":{"line":61,"column":13},"end":{"line":61,"column":22}},"21":{"start":{"line":61,"column":13},"end":{"line":61,"column":null}},"22":{"start":{"line":31,"column":53},"end":{"line":36,"column":8}}},"fnMap":{"0":{"name":"(anonymous_1)","decl":{"start":{"line":31,"column":18},"end":{"line":31,"column":19}},"loc":{"start":{"line":31,"column":53},"end":{"line":36,"column":8}}}},"branchMap":{"0":{"loc":{"start":{"line":32,"column":16},"end":{"line":32,"column":98}},"type":"binary-expr","locations":[{"start":{"line":32,"column":16},"end":{"line":32,"column":69}},{"start":{"line":32,"column":73},"end":{"line":32,"column":98}}]},"1":{"loc":{"start":{"line":34,"column":21},"end":{"line":34,"column":95}},"type":"binary-expr","locations":[{"start":{"line":34,"column":21},"end":{"line":34,"column":77}},{"start":{"line":34,"column":82},"end":{"line":34,"column":95}}]}},"s":{"0":0,"1":0,"2":0,"3":0,"4":0,"5":0,"6":0,"7":0,"8":0,"9":0,"10":0,"11":0,"12":0,"13":0,"14":0,"15":0,"16":0,"17":0,"18":0,"19":0,"20":0,"21":0,"22":0},"f":{"0":0},"b":{"0":[0,0],"1":[0,0]}}
,"F:\\orcamentos\\backend\\src\\app.service.ts": {"path":"F:\\orcamentos\\backend\\src\\app.service.ts","statementMap":{"0":{"start":{"line":1,"column":0},"end":{"line":1,"column":44}},"1":{"start":{"line":4,"column":7},"end":{"line":8,"column":null}},"2":{"start":{"line":6,"column":4},"end":{"line":6,"column":26}},"3":{"start":{"line":4,"column":13},"end":{"line":4,"column":23}},"4":{"start":{"line":4,"column":13},"end":{"line":8,"column":null}}},"fnMap":{"0":{"name":"(anonymous_1)","decl":{"start":{"line":5,"column":2},"end":{"line":5,"column":10}},"loc":{"start":{"line":5,"column":10},"end":{"line":7,"column":3}}}},"branchMap":{},"s":{"0":0,"1":0,"2":0,"3":0,"4":0},"f":{"0":0},"b":{}}
,"F:\\orcamentos\\backend\\src\\main.ts": {"path":"F:\\orcamentos\\backend\\src\\main.ts","statementMap":{"0":{"start":{"line":1,"column":0},"end":{"line":1,"column":56}},"1":{"start":{"line":2,"column":0},"end":{"line":2,"column":43}},"2":{"start":{"line":4,"column":0},"end":{"line":4,"column":65}},"3":{"start":{"line":5,"column":0},"end":{"line":5,"column":41}},"4":{"start":{"line":8,"column":14},"end":{"line":8,"column":73}},"5":{"start":{"line":10,"column":2},"end":{"line":10,"column":31}},"6":{"start":{"line":12,"column":2},"end":{"line":12,"column":28}},"7":{"start":{"line":14,"column":2},"end":{"line":19,"column":5}},"8":{"start":{"line":21,"column":2},"end":{"line":27,"column":4}},"9":{"start":{"line":29,"column":24},"end":{"line":53,"column":12}},"10":{"start":{"line":55,"column":19},"end":{"line":55,"column":67}},"11":{"start":{"line":56,"column":2},"end":{"line":66,"column":5}},"12":{"start":{"line":68,"column":2},"end":{"line":74,"column":35}},"13":{"start":{"line":70,"column":19},"end":{"line":70,"column":23}},"14":{"start":{"line":71,"column":6},"end":{"line":71,"column":69}},"15":{"start":{"line":72,"column":6},"end":{"line":72,"column":81}},"16":{"start":{"line":74,"column":18},"end":{"line":74,"column":33}},"17":{"start":{"line":76,"column":0},"end":{"line":76,"column":12}}},"fnMap":{"0":{"name":"bootstrap","decl":{"start":{"line":7,"column":15},"end":{"line":7,"column":24}},"loc":{"start":{"line":7,"column":24},"end":{"line":75,"column":1}}},"1":{"name":"(anonymous_1)","decl":{"start":{"line":69,"column":10},"end":{"line":69,"column":13}},"loc":{"start":{"line":69,"column":15},"end":{"line":73,"column":5}}},"2":{"name":"(anonymous_2)","decl":{"start":{"line":74,"column":11},"end":{"line":74,"column":12}},"loc":{"start":{"line":74,"column":18},"end":{"line":74,"column":33}}}},"branchMap":{},"s":{"0":0,"1":0,"2":0,"3":0,"4":0,"5":0,"6":0,"7":0,"8":0,"9":0,"10":0,"11":0,"12":0,"13":0,"14":0,"15":0,"16":0,"17":0},"f":{"0":0,"1":0,"2":0},"b":{}}
,"F:\\orcamentos\\backend\\src\\common\\dto\\id-param.dto.ts": {"path":"F:\\orcamentos\\backend\\src\\common\\dto\\id-param.dto.ts","statementMap":{"0":{"start":{"line":1,"column":0},"end":{"line":1,"column":46}},"1":{"start":{"line":2,"column":0},"end":{"line":2,"column":133}},"2":{"start":{"line":5,"column":2},"end":{"line":22,"column":4}},"3":{"start":{"line":6,"column":4},"end":{"line":21,"column":7}},"4":{"start":{"line":13,"column":10},"end":{"line":13,"column":54}},"5":{"start":{"line":13,"column":41},"end":{"line":13,"column":54}},"6":{"start":{"line":14,"column":29},"end":{"line":14,"column":114}},"7":{"start":{"line":15,"column":10},"end":{"line":15,"column":41}},"8":{"start":{"line":18,"column":10},"end":{"line":18,"column":69}},"9":{"start":{"line":25,"column":0},"end":{"line":25,"column":13}},"10":{"start":{"line":32,"column":2},"end":{"line":32,"column":null}}},"fnMap":{"0":{"name":"NoSqlInjection","decl":{"start":{"line":4,"column":9},"end":{"line":4,"column":23}},"loc":{"start":{"line":4,"column":61},"end":{"line":23,"column":1}}},"1":{"name":"(anonymous_3)","decl":{"start":{"line":5,"column":9},"end":{"line":5,"column":19}},"loc":{"start":{"line":5,"column":55},"end":{"line":22,"column":3}}},"2":{"name":"(anonymous_4)","decl":{"start":{"line":12,"column":8},"end":{"line":12,"column":16}},"loc":{"start":{"line":12,"column":31},"end":{"line":16,"column":9}}},"3":{"name":"(anonymous_5)","decl":{"start":{"line":17,"column":8},"end":{"line":17,"column":22}},"loc":{"start":{"line":17,"column":48},"end":{"line":19,"column":9}}}},"branchMap":{"0":{"loc":{"start":{"line":13,"column":10},"end":{"line":13,"column":54}},"type":"if","locations":[{"start":{"line":13,"column":10},"end":{"line":13,"column":54}},{"start":{},"end":{}}]}},"s":{"0":2,"1":2,"2":2,"3":2,"4":9,"5":0,"6":9,"7":9,"8":0,"9":2,"10":2},"f":{"0":2,"1":2,"2":9,"3":0},"b":{"0":[0,9]}}
,"F:\\orcamentos\\backend\\src\\common\\dto\\pagination.dto.ts": {"path":"F:\\orcamentos\\backend\\src\\common\\dto\\pagination.dto.ts","statementMap":{"0":{"start":{"line":1,"column":0},"end":{"line":1,"column":67}},"1":{"start":{"line":2,"column":0},"end":{"line":2,"column":62}},"2":{"start":{"line":3,"column":0},"end":{"line":3,"column":41}},"3":{"start":{"line":11,"column":2},"end":{"line":11,"column":19}},"4":{"start":{"line":19,"column":2},"end":{"line":19,"column":21}},"5":{"start":{"line":5,"column":0},"end":{"line":5,"column":13}},"6":{"start":{"line":11,"column":2},"end":{"line":11,"column":null}},"7":{"start":{"line":8,"column":14},"end":{"line":8,"column":20}},"8":{"start":{"line":19,"column":2},"end":{"line":19,"column":null}},"9":{"start":{"line":15,"column":14},"end":{"line":15,"column":20}},"10":{"start":{"line":22,"column":0},"end":{"line":22,"column":13}},"11":{"start":{"line":26,"column":2},"end":{"line":26,"column":null}},"12":{"start":{"line":29,"column":2},"end":{"line":29,"column":null}},"13":{"start":{"line":32,"column":2},"end":{"line":32,"column":null}},"14":{"start":{"line":35,"column":2},"end":{"line":35,"column":null}}},"fnMap":{"0":{"name":"(anonymous_2)","decl":{"start":{"line":5,"column":0},"end":{"line":5,"column":13}},"loc":{"start":{"line":5,"column":0},"end":{"line":20,"column":1}}},"1":{"name":"(anonymous_3)","decl":{"start":{"line":8,"column":8},"end":{"line":8,"column":11}},"loc":{"start":{"line":8,"column":14},"end":{"line":8,"column":20}}},"2":{"name":"(anonymous_4)","decl":{"start":{"line":15,"column":8},"end":{"line":15,"column":11}},"loc":{"start":{"line":15,"column":14},"end":{"line":15,"column":20}}}},"branchMap":{},"s":{"0":2,"1":2,"2":2,"3":4,"4":4,"5":2,"6":2,"7":0,"8":2,"9":0,"10":2,"11":2,"12":2,"13":2,"14":2},"f":{"0":4,"1":0,"2":0},"b":{}}
,"F:\\orcamentos\\backend\\src\\db\\prisma.ts": {"path":"F:\\orcamentos\\backend\\src\\db\\prisma.ts","statementMap":{"0":{"start":{"line":1,"column":0},"end":{"line":1,"column":58}},"1":{"start":{"line":2,"column":0},"end":{"line":2,"column":46}},"2":{"start":{"line":3,"column":0},"end":{"line":3,"column":46}},"3":{"start":{"line":6,"column":7},"end":{"line":15,"column":null}},"4":{"start":{"line":8,"column":17},"end":{"line":8,"column":78}},"5":{"start":{"line":9,"column":4},"end":{"line":9,"column":29}},"6":{"start":{"line":13,"column":4},"end":{"line":13,"column":26}},"7":{"start":{"line":6,"column":13},"end":{"line":6,"column":26}},"8":{"start":{"line":6,"column":13},"end":{"line":15,"column":null}}},"fnMap":{"0":{"name":"(anonymous_2)","decl":{"start":{"line":7,"column":2},"end":{"line":7,"column":null}},"loc":{"start":{"line":7,"column":2},"end":{"line":10,"column":3}}},"1":{"name":"(anonymous_3)","decl":{"start":{"line":11,"column":2},"end":{"line":11,"column":7}},"loc":{"start":{"line":11,"column":20},"end":{"line":14,"column":3}}}},"branchMap":{},"s":{"0":3,"1":3,"2":3,"3":3,"4":15,"5":15,"6":15,"7":3,"8":3},"f":{"0":15,"1":15},"b":{}}
,"F:\\orcamentos\\backend\\src\\filters\\prisma-exception.filter.ts": {"path":"F:\\orcamentos\\backend\\src\\filters\\prisma-exception.filter.ts","statementMap":{"0":{"start":{"line":1,"column":0},"end":{"line":1,"column":74}},"1":{"start":{"line":2,"column":0},"end":{"line":2,"column":51}},"2":{"start":{"line":3,"column":0},"end":{"line":3,"column":40}},"3":{"start":{"line":20,"column":34},"end":{"line":54,"column":null}},"4":{"start":{"line":21,"column":19},"end":{"line":21,"column":67}},"5":{"start":{"line":24,"column":16},"end":{"line":24,"column":35}},"6":{"start":{"line":25,"column":21},"end":{"line":25,"column":48}},"7":{"start":{"line":27,"column":17},"end":{"line":27,"column":49}},"8":{"start":{"line":29,"column":4},"end":{"line":46,"column":5}},"9":{"start":{"line":30,"column":6},"end":{"line":30,"column":85}},"10":{"start":{"line":32,"column":6},"end":{"line":43,"column":7}},"11":{"start":{"line":34,"column":10},"end":{"line":34,"column":39}},"12":{"start":{"line":35,"column":10},"end":{"line":35,"column":16}},"13":{"start":{"line":37,"column":10},"end":{"line":37,"column":40}},"14":{"start":{"line":38,"column":10},"end":{"line":38,"column":16}},"15":{"start":{"line":41,"column":10},"end":{"line":41,"column":42}},"16":{"start":{"line":42,"column":10},"end":{"line":42,"column":16}},"17":{"start":{"line":45,"column":6},"end":{"line":45,"column":97}},"18":{"start":{"line":48,"column":4},"end":{"line":52,"column":7}},"19":{"start":{"line":20,"column":13},"end":{"line":20,"column":34}},"20":{"start":{"line":20,"column":13},"end":{"line":54,"column":null}}},"fnMap":{"0":{"name":"(anonymous_1)","decl":{"start":{"line":20,"column":7},"end":{"line":20,"column":13}},"loc":{"start":{"line":20,"column":7},"end":{"line":54,"column":1}}},"1":{"name":"(anonymous_2)","decl":{"start":{"line":23,"column":2},"end":{"line":23,"column":7}},"loc":{"start":{"line":23,"column":55},"end":{"line":53,"column":3}}}},"branchMap":{"0":{"loc":{"start":{"line":29,"column":4},"end":{"line":46,"column":5}},"type":"if","locations":[{"start":{"line":29,"column":4},"end":{"line":46,"column":5}},{"start":{"line":44,"column":11},"end":{"line":46,"column":5}}]},"1":{"loc":{"start":{"line":32,"column":6},"end":{"line":43,"column":7}},"type":"switch","locations":[{"start":{"line":33,"column":8},"end":{"line":35,"column":16}},{"start":{"line":36,"column":8},"end":{"line":38,"column":16}},{"start":{"line":39,"column":8},"end":{"line":39,"column":21}},{"start":{"line":40,"column":8},"end":{"line":42,"column":16}}]}},"s":{"0":0,"1":0,"2":0,"3":0,"4":0,"5":0,"6":0,"7":0,"8":0,"9":0,"10":0,"11":0,"12":0,"13":0,"14":0,"15":0,"16":0,"17":0,"18":0,"19":0,"20":0},"f":{"0":0,"1":0},"b":{"0":[0,0],"1":[0,0,0,0]}}
,"F:\\orcamentos\\backend\\src\\guards\\admin-token.guard.ts": {"path":"F:\\orcamentos\\backend\\src\\guards\\admin-token.guard.ts","statementMap":{"0":{"start":{"line":1,"column":0},"end":{"line":1,"column":null}},"1":{"start":{"line":7,"column":0},"end":{"line":7,"column":41}},"2":{"start":{"line":9,"column":0},"end":{"line":9,"column":41}},"3":{"start":{"line":10,"column":0},"end":{"line":10,"column":51}},"4":{"start":{"line":11,"column":0},"end":{"line":11,"column":90}},"5":{"start":{"line":21,"column":7},"end":{"line":102,"column":null}},"6":{"start":{"line":23,"column":21},"end":{"line":23,"column":33}},"7":{"start":{"line":24,"column":21},"end":{"line":24,"column":31}},"8":{"start":{"line":25,"column":21},"end":{"line":25,"column":32}},"9":{"start":{"line":29,"column":32},"end":{"line":31,"column":null}},"10":{"start":{"line":34,"column":20},"end":{"line":34,"column":64}},"11":{"start":{"line":35,"column":18},"end":{"line":35,"column":50}},"12":{"start":{"line":37,"column":4},"end":{"line":39,"column":5}},"13":{"start":{"line":38,"column":6},"end":{"line":38,"column":70}},"14":{"start":{"line":41,"column":20},"end":{"line":41,"column":50}},"15":{"start":{"line":43,"column":4},"end":{"line":45,"column":5}},"16":{"start":{"line":44,"column":6},"end":{"line":44,"column":60}},"17":{"start":{"line":47,"column":31},"end":{"line":47,"column":71}},"18":{"start":{"line":50,"column":4},"end":{"line":50,"column":79}},"19":{"start":{"line":50,"column":29},"end":{"line":50,"column":79}},"20":{"start":{"line":52,"column":28},"end":{"line":52,"column":97}},"21":{"start":{"line":52,"column":72},"end":{"line":52,"column":90}},"22":{"start":{"line":54,"column":19},"end":{"line":54,"column":82}},"23":{"start":{"line":54,"column":54},"end":{"line":54,"column":81}},"24":{"start":{"line":58,"column":4},"end":{"line":58,"column":89}},"25":{"start":{"line":58,"column":17},"end":{"line":58,"column":89}},"26":{"start":{"line":59,"column":4},"end":{"line":59,"column":41}},"27":{"start":{"line":61,"column":4},"end":{"line":61,"column":16}},"28":{"start":{"line":65,"column":26},"end":{"line":65,"column":55}},"29":{"start":{"line":67,"column":4},"end":{"line":69,"column":5}},"30":{"start":{"line":68,"column":6},"end":{"line":68,"column":18}},"31":{"start":{"line":71,"column":26},"end":{"line":71,"column":50}},"32":{"start":{"line":73,"column":4},"end":{"line":75,"column":5}},"33":{"start":{"line":74,"column":6},"end":{"line":74,"column":18}},"34":{"start":{"line":77,"column":4},"end":{"line":77,"column":17}},"35":{"start":{"line":81,"column":4},"end":{"line":100,"column":5}},"36":{"start":{"line":82,"column":22},"end":{"line":82,"column":70}},"37":{"start":{"line":84,"column":6},"end":{"line":90,"column":7}},"38":{"start":{"line":89,"column":8},"end":{"line":89,"column":20}},"39":{"start":{"line":92,"column":6},"end":{"line":97,"column":8}},"40":{"start":{"line":99,"column":6},"end":{"line":99,"column":18}},"41":{"start":{"line":21,"column":13},"end":{"line":21,"column":28}},"42":{"start":{"line":21,"column":13},"end":{"line":102,"column":null}}},"fnMap":{"0":{"name":"(anonymous_2)","decl":{"start":{"line":22,"column":2},"end":{"line":22,"column":null}},"loc":{"start":{"line":25,"column":41},"end":{"line":26,"column":6}}},"1":{"name":"(anonymous_3)","decl":{"start":{"line":28,"column":2},"end":{"line":28,"column":7}},"loc":{"start":{"line":28,"column":45},"end":{"line":62,"column":3}}},"2":{"name":"(anonymous_4)","decl":{"start":{"line":52,"column":64},"end":{"line":52,"column":65}},"loc":{"start":{"line":52,"column":72},"end":{"line":52,"column":90}}},"3":{"name":"(anonymous_5)","decl":{"start":{"line":54,"column":46},"end":{"line":54,"column":47}},"loc":{"start":{"line":54,"column":54},"end":{"line":54,"column":81}}},"4":{"name":"(anonymous_6)","decl":{"start":{"line":64,"column":10},"end":{"line":64,"column":28}},"loc":{"start":{"line":64,"column":45},"end":{"line":78,"column":3}}},"5":{"name":"(anonymous_7)","decl":{"start":{"line":80,"column":10},"end":{"line":80,"column":28}},"loc":{"start":{"line":80,"column":42},"end":{"line":101,"column":3}}}},"branchMap":{"0":{"loc":{"start":{"line":37,"column":4},"end":{"line":39,"column":5}},"type":"if","locations":[{"start":{"line":37,"column":4},"end":{"line":39,"column":5}},{"start":{},"end":{}}]},"1":{"loc":{"start":{"line":43,"column":4},"end":{"line":45,"column":5}},"type":"if","locations":[{"start":{"line":43,"column":4},"end":{"line":45,"column":5}},{"start":{},"end":{}}]},"2":{"loc":{"start":{"line":50,"column":4},"end":{"line":50,"column":79}},"type":"if","locations":[{"start":{"line":50,"column":4},"end":{"line":50,"column":79}},{"start":{},"end":{}}]},"3":{"loc":{"start":{"line":52,"column":28},"end":{"line":52,"column":97}},"type":"binary-expr","locations":[{"start":{"line":52,"column":28},"end":{"line":52,"column":91}},{"start":{"line":52,"column":95},"end":{"line":52,"column":97}}]},"4":{"loc":{"start":{"line":58,"column":4},"end":{"line":58,"column":89}},"type":"if","locations":[{"start":{"line":58,"column":4},"end":{"line":58,"column":89}},{"start":{},"end":{}}]},"5":{"loc":{"start":{"line":67,"column":4},"end":{"line":69,"column":5}},"type":"if","locations":[{"start":{"line":67,"column":4},"end":{"line":69,"column":5}},{"start":{},"end":{}}]},"6":{"loc":{"start":{"line":73,"column":4},"end":{"line":75,"column":5}},"type":"if","locations":[{"start":{"line":73,"column":4},"end":{"line":75,"column":5}},{"start":{},"end":{}}]},"7":{"loc":{"start":{"line":73,"column":8},"end":{"line":73,"column":35}},"type":"binary-expr","locations":[{"start":{"line":73,"column":8},"end":{"line":73,"column":25}},{"start":{"line":73,"column":29},"end":{"line":73,"column":35}}]},"8":{"loc":{"start":{"line":84,"column":6},"end":{"line":90,"column":7}},"type":"if","locations":[{"start":{"line":84,"column":6},"end":{"line":90,"column":7}},{"start":{},"end":{}}]},"9":{"loc":{"start":{"line":85,"column":8},"end":{"line":87,"column":40}},"type":"binary-expr","locations":[{"start":{"line":85,"column":8},"end":{"line":85,"column":38}},{"start":{"line":86,"column":8},"end":{"line":86,"column":40}},{"start":{"line":87,"column":8},"end":{"line":87,"column":40}}]},"10":{"loc":{"start":{"line":23,"column":33},"end":{"line":23,"column":null}},"type":"cond-expr","locations":[{"start":{"line":23,"column":43},"end":{"line":23,"column":null}},{"start":{"line":23,"column":43},"end":{"line":23,"column":null}}]},"11":{"loc":{"start":{"line":23,"column":33},"end":{"line":23,"column":43}},"type":"binary-expr","locations":[{"start":{"line":23,"column":33},"end":{"line":23,"column":null}},{"start":{"line":23,"column":33},"end":{"line":23,"column":43}}]},"12":{"loc":{"start":{"line":23,"column":43},"end":{"line":24,"column":null}},"type":"cond-expr","locations":[{"start":{"line":24,"column":54},"end":{"line":24,"column":null}},{"start":{"line":24,"column":54},"end":{"line":24,"column":null}}]},"13":{"loc":{"start":{"line":23,"column":43},"end":{"line":24,"column":54}},"type":"binary-expr","locations":[{"start":{"line":23,"column":43},"end":{"line":24,"column":null}},{"start":{"line":24,"column":31},"end":{"line":24,"column":54}}]},"14":{"loc":{"start":{"line":24,"column":54},"end":{"line":25,"column":null}},"type":"cond-expr","locations":[{"start":{"line":25,"column":41},"end":{"line":25,"column":null}},{"start":{"line":25,"column":41},"end":{"line":25,"column":null}}]},"15":{"loc":{"start":{"line":24,"column":54},"end":{"line":25,"column":41}},"type":"binary-expr","locations":[{"start":{"line":24,"column":54},"end":{"line":25,"column":null}},{"start":{"line":25,"column":32},"end":{"line":25,"column":41}}]}},"s":{"0":3,"1":3,"2":3,"3":3,"4":3,"5":3,"6":12,"7":12,"8":12,"9":28,"10":28,"11":28,"12":28,"13":8,"14":20,"15":20,"16":0,"17":20,"18":20,"19":0,"20":20,"21":240,"22":20,"23":20,"24":20,"25":2,"26":18,"27":18,"28":28,"29":28,"30":8,"31":20,"32":20,"33":0,"34":20,"35":20,"36":20,"37":20,"38":0,"39":20,"40":0,"41":3,"42":3},"f":{"0":12,"1":28,"2":240,"3":20,"4":28,"5":20},"b":{"0":[8,20],"1":[0,20],"2":[0,20],"3":[20,0],"4":[2,18],"5":[8,20],"6":[0,20],"7":[20,20],"8":[0,20],"9":[20,20,20],"10":[3,0],"11":[3,3],"12":[3,0],"13":[3,3],"14":[3,0],"15":[3,3]}}
,"F:\\orcamentos\\backend\\src\\guards\\wbSocket.guard.ts": {"path":"F:\\orcamentos\\backend\\src\\guards\\wbSocket.guard.ts","statementMap":{"0":{"start":{"line":1,"column":0},"end":{"line":1,"column":75}},"1":{"start":{"line":4,"column":7},"end":{"line":20,"column":null}},"2":{"start":{"line":10,"column":19},"end":{"line":10,"column":51}},"3":{"start":{"line":12,"column":18},"end":{"line":12,"column":45}},"4":{"start":{"line":14,"column":5},"end":{"line":14,"column":null}},"5":{"start":{"line":18,"column":4},"end":{"line":18,"column":17}},"6":{"start":{"line":4,"column":13},"end":{"line":4,"column":25}},"7":{"start":{"line":4,"column":13},"end":{"line":20,"column":null}}},"fnMap":{"0":{"name":"(anonymous_2)","decl":{"start":{"line":5,"column":2},"end":{"line":5,"column":null}},"loc":{"start":{"line":5,"column":2},"end":{"line":7,"column":6}}},"1":{"name":"(anonymous_3)","decl":{"start":{"line":9,"column":2},"end":{"line":9,"column":7}},"loc":{"start":{"line":9,"column":45},"end":{"line":19,"column":3}}}},"branchMap":{},"s":{"0":0,"1":0,"2":0,"3":0,"4":0,"5":0,"6":0,"7":0},"f":{"0":0,"1":0},"b":{}}
,"F:\\orcamentos\\backend\\src\\guards\\webhook.guard.ts": {"path":"F:\\orcamentos\\backend\\src\\guards\\webhook.guard.ts","statementMap":{"0":{"start":{"line":1,"column":0},"end":{"line":1,"column":98}},"1":{"start":{"line":2,"column":0},"end":{"line":2,"column":47}},"2":{"start":{"line":6,"column":7},"end":{"line":29,"column":null}},"3":{"start":{"line":7,"column":22},"end":{"line":7,"column":37}},"4":{"start":{"line":10,"column":20},"end":{"line":10,"column":64}},"5":{"start":{"line":13,"column":4},"end":{"line":13,"column":33}},"6":{"start":{"line":16,"column":4},"end":{"line":16,"column":16}},"7":{"start":{"line":20,"column":21},"end":{"line":20,"column":65}},"8":{"start":{"line":21,"column":21},"end":{"line":21,"column":56}},"9":{"start":{"line":23,"column":4},"end":{"line":25,"column":5}},"10":{"start":{"line":24,"column":6},"end":{"line":24,"column":65}},"11":{"start":{"line":6,"column":13},"end":{"line":6,"column":25}},"12":{"start":{"line":6,"column":13},"end":{"line":29,"column":null}}},"fnMap":{"0":{"name":"(anonymous_2)","decl":{"start":{"line":7,"column":2},"end":{"line":7,"column":22}},"loc":{"start":{"line":7,"column":50},"end":{"line":7,"column":54}}},"1":{"name":"(anonymous_3)","decl":{"start":{"line":9,"column":2},"end":{"line":9,"column":13}},"loc":{"start":{"line":9,"column":39},"end":{"line":17,"column":3}}},"2":{"name":"(anonymous_4)","decl":{"start":{"line":19,"column":10},"end":{"line":19,"column":24}},"loc":{"start":{"line":19,"column":41},"end":{"line":26,"column":3}}}},"branchMap":{"0":{"loc":{"start":{"line":23,"column":4},"end":{"line":25,"column":5}},"type":"if","locations":[{"start":{"line":23,"column":4},"end":{"line":25,"column":5}},{"start":{},"end":{}}]},"1":{"loc":{"start":{"line":23,"column":8},"end":{"line":23,"column":42}},"type":"binary-expr","locations":[{"start":{"line":23,"column":8},"end":{"line":23,"column":17}},{"start":{"line":23,"column":21},"end":{"line":23,"column":42}}]},"2":{"loc":{"start":{"line":7,"column":37},"end":{"line":7,"column":53}},"type":"cond-expr","locations":[{"start":{"line":7,"column":50},"end":{"line":7,"column":53}},{"start":{"line":7,"column":50},"end":{"line":7,"column":53}}]},"3":{"loc":{"start":{"line":7,"column":37},"end":{"line":7,"column":50}},"type":"binary-expr","locations":[{"start":{"line":7,"column":37},"end":{"line":7,"column":53}},{"start":{"line":7,"column":37},"end":{"line":7,"column":50}}]}},"s":{"0":0,"1":0,"2":0,"3":0,"4":0,"5":0,"6":0,"7":0,"8":0,"9":0,"10":0,"11":0,"12":0},"f":{"0":0,"1":0,"2":0},"b":{"0":[0,0],"1":[0,0],"2":[0,0],"3":[0,0]}}
,"F:\\orcamentos\\backend\\src\\modules\\Shared\\shared.module.ts": {"path":"F:\\orcamentos\\backend\\src\\modules\\Shared\\shared.module.ts","statementMap":{"0":{"start":{"line":1,"column":0},"end":{"line":1,"column":40}},"1":{"start":{"line":2,"column":0},"end":{"line":2,"column":48}},"2":{"start":{"line":3,"column":0},"end":{"line":3,"column":83}},"3":{"start":{"line":4,"column":0},"end":{"line":4,"column":62}},"4":{"start":{"line":18,"column":7},"end":{"line":18,"column":null}},"5":{"start":{"line":18,"column":13},"end":{"line":18,"column":25}},"6":{"start":{"line":18,"column":13},"end":{"line":18,"column":null}}},"fnMap":{},"branchMap":{},"s":{"0":3,"1":3,"2":3,"3":3,"4":3,"5":3,"6":3},"f":{},"b":{}}
,"F:\\orcamentos\\backend\\src\\modules\\auth\\auth.module.ts": {"path":"F:\\orcamentos\\backend\\src\\modules\\auth\\auth.module.ts","statementMap":{"0":{"start":{"line":1,"column":0},"end":{"line":1,"column":48}},"1":{"start":{"line":3,"column":0},"end":{"line":3,"column":61}},"2":{"start":{"line":5,"column":0},"end":{"line":5,"column":70}},"3":{"start":{"line":6,"column":0},"end":{"line":6,"column":58}},"4":{"start":{"line":7,"column":0},"end":{"line":7,"column":58}},"5":{"start":{"line":8,"column":0},"end":{"line":8,"column":48}},"6":{"start":{"line":9,"column":0},"end":{"line":9,"column":50}},"7":{"start":{"line":10,"column":0},"end":{"line":10,"column":47}},"8":{"start":{"line":11,"column":0},"end":{"line":11,"column":61}},"9":{"start":{"line":28,"column":7},"end":{"line":28,"column":null}},"10":{"start":{"line":28,"column":13},"end":{"line":28,"column":23}},"11":{"start":{"line":28,"column":13},"end":{"line":28,"column":null}}},"fnMap":{},"branchMap":{},"s":{"0":3,"1":3,"2":3,"3":3,"4":3,"5":3,"6":3,"7":3,"8":3,"9":3,"10":3,"11":3},"f":{},"b":{}}
,"F:\\orcamentos\\backend\\src\\modules\\auth\\controllers\\index.ts": {"path":"F:\\orcamentos\\backend\\src\\modules\\auth\\controllers\\index.ts","statementMap":{"0":{"start":{"line":1,"column":0},"end":{"line":1,"column":67}},"1":{"start":{"line":2,"column":0},"end":{"line":2,"column":55}},"2":{"start":{"line":4,"column":13},"end":{"line":4,"column":null}}},"fnMap":{},"branchMap":{},"s":{"0":3,"1":3,"2":3},"f":{},"b":{}}
,"F:\\orcamentos\\backend\\src\\modules\\auth\\controllers\\refreshToken.controller.ts": {"path":"F:\\orcamentos\\backend\\src\\modules\\auth\\controllers\\refreshToken.controller.ts","statementMap":{"0":{"start":{"line":1,"column":0},"end":{"line":1,"column":56}},"1":{"start":{"line":2,"column":0},"end":{"line":2,"column":78}},"2":{"start":{"line":3,"column":0},"end":{"line":3,"column":71}},"3":{"start":{"line":4,"column":0},"end":{"line":4,"column":86}},"4":{"start":{"line":8,"column":7},"end":{"line":25,"column":null}},"5":{"start":{"line":10,"column":21},"end":{"line":10,"column":42}},"6":{"start":{"line":23,"column":4},"end":{"line":23,"column":50}},"7":{"start":{"line":8,"column":13},"end":{"line":8,"column":35}},"8":{"start":{"line":22,"column":2},"end":{"line":24,"column":null}},"9":{"start":{"line":8,"column":13},"end":{"line":25,"column":null}}},"fnMap":{"0":{"name":"(anonymous_4)","decl":{"start":{"line":9,"column":2},"end":{"line":9,"column":null}},"loc":{"start":{"line":10,"column":61},"end":{"line":11,"column":6}}},"1":{"name":"(anonymous_5)","decl":{"start":{"line":22,"column":2},"end":{"line":22,"column":14}},"loc":{"start":{"line":22,"column":27},"end":{"line":24,"column":3}}}},"branchMap":{"0":{"loc":{"start":{"line":22,"column":30},"end":{"line":22,"column":null}},"type":"cond-expr","locations":[{"start":{"line":22,"column":52},"end":{"line":22,"column":null}},{"start":{"line":22,"column":52},"end":{"line":22,"column":null}}]},"1":{"loc":{"start":{"line":22,"column":30},"end":{"line":22,"column":52}},"type":"binary-expr","locations":[{"start":{"line":22,"column":30},"end":{"line":22,"column":null}},{"start":{"line":22,"column":30},"end":{"line":22,"column":52}}]},"2":{"loc":{"start":{"line":10,"column":42},"end":{"line":10,"column":null}},"type":"cond-expr","locations":[{"start":{"line":10,"column":61},"end":{"line":10,"column":null}},{"start":{"line":10,"column":61},"end":{"line":10,"column":null}}]},"3":{"loc":{"start":{"line":10,"column":42},"end":{"line":10,"column":61}},"type":"binary-expr","locations":[{"start":{"line":10,"column":42},"end":{"line":10,"column":null}},{"start":{"line":10,"column":42},"end":{"line":10,"column":61}}]}},"s":{"0":3,"1":3,"2":3,"3":3,"4":3,"5":3,"6":3,"7":3,"8":3,"9":3},"f":{"0":3,"1":3},"b":{"0":[3,0],"1":[3,3],"2":[3,0],"3":[3,3]}}
,"F:\\orcamentos\\backend\\src\\modules\\auth\\controllers\\signin.controller.ts": {"path":"F:\\orcamentos\\backend\\src\\modules\\auth\\controllers\\signin.controller.ts","statementMap":{"0":{"start":{"line":1,"column":0},"end":{"line":1,"column":56}},"1":{"start":{"line":2,"column":0},"end":{"line":2,"column":78}},"2":{"start":{"line":4,"column":0},"end":{"line":4,"column":59}},"3":{"start":{"line":5,"column":0},"end":{"line":5,"column":56}},"4":{"start":{"line":6,"column":0},"end":{"line":6,"column":68}},"5":{"start":{"line":10,"column":7},"end":{"line":29,"column":null}},"6":{"start":{"line":12,"column":21},"end":{"line":12,"column":36}},"7":{"start":{"line":26,"column":4},"end":{"line":26,"column":44}},"8":{"start":{"line":10,"column":13},"end":{"line":10,"column":29}},"9":{"start":{"line":24,"column":2},"end":{"line":27,"column":null}},"10":{"start":{"line":10,"column":13},"end":{"line":29,"column":null}}},"fnMap":{"0":{"name":"(anonymous_4)","decl":{"start":{"line":11,"column":2},"end":{"line":11,"column":null}},"loc":{"start":{"line":12,"column":49},"end":{"line":13,"column":6}}},"1":{"name":"(anonymous_5)","decl":{"start":{"line":24,"column":2},"end":{"line":24,"column":8}},"loc":{"start":{"line":24,"column":32},"end":{"line":27,"column":3}}}},"branchMap":{"0":{"loc":{"start":{"line":24,"column":23},"end":{"line":24,"column":35}},"type":"cond-expr","locations":[{"start":{"line":24,"column":32},"end":{"line":24,"column":35}},{"start":{"line":24,"column":32},"end":{"line":24,"column":35}}]},"1":{"loc":{"start":{"line":24,"column":23},"end":{"line":24,"column":32}},"type":"binary-expr","locations":[{"start":{"line":24,"column":23},"end":{"line":24,"column":35}},{"start":{"line":24,"column":23},"end":{"line":24,"column":32}}]},"2":{"loc":{"start":{"line":24,"column":35},"end":{"line":24,"column":null}},"type":"cond-expr","locations":[{"start":{"line":24,"column":42},"end":{"line":24,"column":null}},{"start":{"line":24,"column":42},"end":{"line":24,"column":null}}]},"3":{"loc":{"start":{"line":24,"column":35},"end":{"line":24,"column":42}},"type":"binary-expr","locations":[{"start":{"line":24,"column":35},"end":{"line":24,"column":null}},{"start":{"line":24,"column":35},"end":{"line":24,"column":42}}]},"4":{"loc":{"start":{"line":12,"column":36},"end":{"line":12,"column":null}},"type":"cond-expr","locations":[{"start":{"line":12,"column":49},"end":{"line":12,"column":null}},{"start":{"line":12,"column":49},"end":{"line":12,"column":null}}]},"5":{"loc":{"start":{"line":12,"column":36},"end":{"line":12,"column":49}},"type":"binary-expr","locations":[{"start":{"line":12,"column":36},"end":{"line":12,"column":null}},{"start":{"line":12,"column":36},"end":{"line":12,"column":49}}]}},"s":{"0":3,"1":3,"2":3,"3":3,"4":3,"5":3,"6":3,"7":4,"8":3,"9":3,"10":3},"f":{"0":3,"1":4},"b":{"0":[3,0],"1":[3,3],"2":[3,0],"3":[3,3],"4":[3,0],"5":[3,3]}}
,"F:\\orcamentos\\backend\\src\\modules\\auth\\usecase\\refresh-token.usecase.ts": {"path":"F:\\orcamentos\\backend\\src\\modules\\auth\\usecase\\refresh-token.usecase.ts","statementMap":{"0":{"start":{"line":1,"column":0},"end":{"line":1,"column":44}},"1":{"start":{"line":4,"column":0},"end":{"line":4,"column":96}},"2":{"start":{"line":9,"column":7},"end":{"line":19,"column":null}},"3":{"start":{"line":11,"column":21},"end":{"line":11,"column":48}},"4":{"start":{"line":15,"column":4},"end":{"line":17,"column":7}},"5":{"start":{"line":9,"column":13},"end":{"line":9,"column":32}},"6":{"start":{"line":9,"column":13},"end":{"line":19,"column":null}}},"fnMap":{"0":{"name":"(anonymous_2)","decl":{"start":{"line":10,"column":2},"end":{"line":10,"column":null}},"loc":{"start":{"line":11,"column":73},"end":{"line":12,"column":6}}},"1":{"name":"(anonymous_3)","decl":{"start":{"line":14,"column":2},"end":{"line":14,"column":9}},"loc":{"start":{"line":14,"column":32},"end":{"line":18,"column":3}}}},"branchMap":{"0":{"loc":{"start":{"line":11,"column":48},"end":{"line":11,"column":null}},"type":"cond-expr","locations":[{"start":{"line":11,"column":73},"end":{"line":11,"column":null}},{"start":{"line":11,"column":73},"end":{"line":11,"column":null}}]},"1":{"loc":{"start":{"line":11,"column":48},"end":{"line":11,"column":73}},"type":"binary-expr","locations":[{"start":{"line":11,"column":48},"end":{"line":11,"column":null}},{"start":{"line":11,"column":48},"end":{"line":11,"column":73}}]}},"s":{"0":3,"1":3,"2":3,"3":3,"4":3,"5":3,"6":3},"f":{"0":3,"1":3},"b":{"0":[3,0],"1":[3,3]}}
,"F:\\orcamentos\\backend\\src\\modules\\auth\\usecase\\sign-in.usecase.ts": {"path":"F:\\orcamentos\\backend\\src\\modules\\auth\\usecase\\sign-in.usecase.ts","statementMap":{"0":{"start":{"line":1,"column":0},"end":{"line":1,"column":75}},"1":{"start":{"line":2,"column":0},"end":{"line":2,"column":98}},"2":{"start":{"line":3,"column":0},"end":{"line":3,"column":100}},"3":{"start":{"line":4,"column":0},"end":{"line":4,"column":82}},"4":{"start":{"line":7,"column":0},"end":{"line":7,"column":93}},"5":{"start":{"line":10,"column":26},"end":{"line":57,"column":null}},"6":{"start":{"line":14,"column":21},"end":{"line":14,"column":33}},"7":{"start":{"line":15,"column":21},"end":{"line":15,"column":36}},"8":{"start":{"line":16,"column":21},"end":{"line":16,"column":49}},"9":{"start":{"line":17,"column":21},"end":{"line":17,"column":50}},"10":{"start":{"line":11,"column":19},"end":{"line":11,"column":59}},"11":{"start":{"line":23,"column":4},"end":{"line":23,"column":69}},"12":{"start":{"line":25,"column":22},"end":{"line":28,"column":6}},"13":{"start":{"line":32,"column":28},"end":{"line":36,"column":6}},"14":{"start":{"line":38,"column":29},"end":{"line":42,"column":6}},"15":{"start":{"line":44,"column":4},"end":{"line":44,"column":67}},"16":{"start":{"line":45,"column":4},"end":{"line":55,"column":6}},"17":{"start":{"line":10,"column":13},"end":{"line":10,"column":26}},"18":{"start":{"line":10,"column":13},"end":{"line":57,"column":null}}},"fnMap":{"0":{"name":"(anonymous_2)","decl":{"start":{"line":13,"column":2},"end":{"line":13,"column":null}},"loc":{"start":{"line":17,"column":77},"end":{"line":18,"column":6}}},"1":{"name":"(anonymous_3)","decl":{"start":{"line":20,"column":2},"end":{"line":20,"column":7}},"loc":{"start":{"line":20,"column":32},"end":{"line":56,"column":3}}}},"branchMap":{"0":{"loc":{"start":{"line":14,"column":33},"end":{"line":14,"column":null}},"type":"cond-expr","locations":[{"start":{"line":14,"column":55},"end":{"line":14,"column":null}},{"start":{"line":14,"column":55},"end":{"line":14,"column":null}}]},"1":{"loc":{"start":{"line":14,"column":33},"end":{"line":14,"column":55}},"type":"binary-expr","locations":[{"start":{"line":14,"column":33},"end":{"line":14,"column":null}},{"start":{"line":14,"column":33},"end":{"line":14,"column":55}}]},"2":{"loc":{"start":{"line":14,"column":55},"end":{"line":15,"column":null}},"type":"cond-expr","locations":[{"start":{"line":15,"column":59},"end":{"line":15,"column":null}},{"start":{"line":15,"column":59},"end":{"line":15,"column":null}}]},"3":{"loc":{"start":{"line":14,"column":55},"end":{"line":15,"column":59}},"type":"binary-expr","locations":[{"start":{"line":14,"column":55},"end":{"line":15,"column":null}},{"start":{"line":15,"column":36},"end":{"line":15,"column":59}}]},"4":{"loc":{"start":{"line":15,"column":59},"end":{"line":16,"column":null}},"type":"cond-expr","locations":[{"start":{"line":16,"column":75},"end":{"line":16,"column":null}},{"start":{"line":16,"column":75},"end":{"line":16,"column":null}}]},"5":{"loc":{"start":{"line":15,"column":59},"end":{"line":16,"column":75}},"type":"binary-expr","locations":[{"start":{"line":15,"column":59},"end":{"line":16,"column":null}},{"start":{"line":16,"column":49},"end":{"line":16,"column":75}}]},"6":{"loc":{"start":{"line":16,"column":75},"end":{"line":17,"column":null}},"type":"cond-expr","locations":[{"start":{"line":17,"column":77},"end":{"line":17,"column":null}},{"start":{"line":17,"column":77},"end":{"line":17,"column":null}}]},"7":{"loc":{"start":{"line":16,"column":75},"end":{"line":17,"column":77}},"type":"binary-expr","locations":[{"start":{"line":16,"column":75},"end":{"line":17,"column":null}},{"start":{"line":17,"column":50},"end":{"line":17,"column":77}}]}},"s":{"0":3,"1":3,"2":3,"3":3,"4":3,"5":3,"6":3,"7":3,"8":3,"9":3,"10":3,"11":4,"12":4,"13":2,"14":2,"15":2,"16":2,"17":3,"18":3},"f":{"0":3,"1":4},"b":{"0":[3,0],"1":[3,3],"2":[3,0],"3":[3,3],"4":[3,0],"5":[3,3],"6":[3,0],"7":[3,3]}}
,"F:\\orcamentos\\backend\\src\\modules\\auth\\usecase\\sign-up.usecase.ts": {"path":"F:\\orcamentos\\backend\\src\\modules\\auth\\usecase\\sign-up.usecase.ts","statementMap":{"0":{"start":{"line":1,"column":0},"end":{"line":1,"column":52}},"1":{"start":{"line":4,"column":0},"end":{"line":4,"column":83}},"2":{"start":{"line":6,"column":0},"end":{"line":6,"column":82}},"3":{"start":{"line":9,"column":26},"end":{"line":30,"column":null}},"4":{"start":{"line":13,"column":21},"end":{"line":13,"column":43}},"5":{"start":{"line":14,"column":21},"end":{"line":14,"column":42}},"6":{"start":{"line":10,"column":19},"end":{"line":10,"column":59}},"7":{"start":{"line":19,"column":19},"end":{"line":19,"column":65}},"8":{"start":{"line":20,"column":4},"end":{"line":28,"column":6}},"9":{"start":{"line":9,"column":13},"end":{"line":9,"column":26}},"10":{"start":{"line":9,"column":13},"end":{"line":30,"column":null}}},"fnMap":{"0":{"name":"(anonymous_2)","decl":{"start":{"line":12,"column":2},"end":{"line":12,"column":null}},"loc":{"start":{"line":14,"column":61},"end":{"line":15,"column":6}}},"1":{"name":"(anonymous_3)","decl":{"start":{"line":17,"column":2},"end":{"line":17,"column":7}},"loc":{"start":{"line":17,"column":32},"end":{"line":29,"column":3}}}},"branchMap":{"0":{"loc":{"start":{"line":13,"column":43},"end":{"line":13,"column":null}},"type":"cond-expr","locations":[{"start":{"line":13,"column":63},"end":{"line":13,"column":null}},{"start":{"line":13,"column":63},"end":{"line":13,"column":null}}]},"1":{"loc":{"start":{"line":13,"column":43},"end":{"line":13,"column":63}},"type":"binary-expr","locations":[{"start":{"line":13,"column":43},"end":{"line":13,"column":null}},{"start":{"line":13,"column":43},"end":{"line":13,"column":63}}]},"2":{"loc":{"start":{"line":13,"column":63},"end":{"line":14,"column":null}},"type":"cond-expr","locations":[{"start":{"line":14,"column":61},"end":{"line":14,"column":null}},{"start":{"line":14,"column":61},"end":{"line":14,"column":null}}]},"3":{"loc":{"start":{"line":13,"column":63},"end":{"line":14,"column":61}},"type":"binary-expr","locations":[{"start":{"line":13,"column":63},"end":{"line":14,"column":null}},{"start":{"line":14,"column":42},"end":{"line":14,"column":61}}]}},"s":{"0":3,"1":3,"2":3,"3":3,"4":3,"5":3,"6":3,"7":0,"8":0,"9":3,"10":3},"f":{"0":3,"1":0},"b":{"0":[3,0],"1":[3,3],"2":[3,0],"3":[3,3]}}
,"F:\\orcamentos\\backend\\src\\modules\\budgets\\budgets.module.ts": {"path":"F:\\orcamentos\\backend\\src\\modules\\budgets\\budgets.module.ts","statementMap":{"0":{"start":{"line":1,"column":0},"end":{"line":1,"column":40}},"1":{"start":{"line":3,"column":0},"end":{"line":3,"column":65}},"2":{"start":{"line":5,"column":0},"end":{"line":5,"column":51}},"3":{"start":{"line":6,"column":0},"end":{"line":6,"column":69}},"4":{"start":{"line":7,"column":0},"end":{"line":7,"column":79}},"5":{"start":{"line":8,"column":0},"end":{"line":8,"column":70}},"6":{"start":{"line":9,"column":0},"end":{"line":9,"column":70}},"7":{"start":{"line":10,"column":0},"end":{"line":10,"column":75}},"8":{"start":{"line":11,"column":0},"end":{"line":11,"column":76}},"9":{"start":{"line":12,"column":0},"end":{"line":12,"column":70}},"10":{"start":{"line":13,"column":0},"end":{"line":13,"column":49}},"11":{"start":{"line":14,"column":0},"end":{"line":14,"column":48}},"12":{"start":{"line":15,"column":0},"end":{"line":15,"column":64}},"13":{"start":{"line":16,"column":0},"end":{"line":16,"column":81}},"14":{"start":{"line":17,"column":0},"end":{"line":17,"column":50}},"15":{"start":{"line":18,"column":0},"end":{"line":18,"column":50}},"16":{"start":{"line":42,"column":7},"end":{"line":42,"column":null}},"17":{"start":{"line":42,"column":13},"end":{"line":42,"column":26}},"18":{"start":{"line":42,"column":13},"end":{"line":42,"column":null}}},"fnMap":{},"branchMap":{},"s":{"0":1,"1":1,"2":1,"3":1,"4":1,"5":1,"6":1,"7":1,"8":1,"9":1,"10":1,"11":1,"12":1,"13":1,"14":1,"15":1,"16":1,"17":1,"18":1},"f":{},"b":{}}
,"F:\\orcamentos\\backend\\src\\modules\\budgets\\budgets.service.ts": {"path":"F:\\orcamentos\\backend\\src\\modules\\budgets\\budgets.service.ts","statementMap":{"0":{"start":{"line":1,"column":0},"end":{"line":1,"column":44}},"1":{"start":{"line":7,"column":0},"end":{"line":7,"column":70}},"2":{"start":{"line":8,"column":0},"end":{"line":8,"column":70}},"3":{"start":{"line":9,"column":0},"end":{"line":9,"column":99}},"4":{"start":{"line":10,"column":0},"end":{"line":10,"column":76}},"5":{"start":{"line":11,"column":0},"end":{"line":11,"column":70}},"6":{"start":{"line":15,"column":7},"end":{"line":43,"column":null}},"7":{"start":{"line":17,"column":21},"end":{"line":17,"column":42}},"8":{"start":{"line":18,"column":21},"end":{"line":18,"column":42}},"9":{"start":{"line":19,"column":21},"end":{"line":19,"column":44}},"10":{"start":{"line":20,"column":21},"end":{"line":20,"column":44}},"11":{"start":{"line":21,"column":21},"end":{"line":21,"column":42}},"12":{"start":{"line":25,"column":4},"end":{"line":25,"column":51}},"13":{"start":{"line":29,"column":4},"end":{"line":29,"column":55}},"14":{"start":{"line":33,"column":4},"end":{"line":33,"column":50}},"15":{"start":{"line":37,"column":4},"end":{"line":37,"column":59}},"16":{"start":{"line":41,"column":4},"end":{"line":41,"column":48}},"17":{"start":{"line":15,"column":13},"end":{"line":15,"column":27}},"18":{"start":{"line":15,"column":13},"end":{"line":43,"column":null}}},"fnMap":{"0":{"name":"(anonymous_2)","decl":{"start":{"line":16,"column":2},"end":{"line":16,"column":null}},"loc":{"start":{"line":21,"column":61},"end":{"line":22,"column":6}}},"1":{"name":"(anonymous_3)","decl":{"start":{"line":24,"column":2},"end":{"line":24,"column":8}},"loc":{"start":{"line":24,"column":30},"end":{"line":26,"column":3}}},"2":{"name":"(anonymous_4)","decl":{"start":{"line":28,"column":2},"end":{"line":28,"column":8}},"loc":{"start":{"line":28,"column":42},"end":{"line":30,"column":3}}},"3":{"name":"(anonymous_5)","decl":{"start":{"line":32,"column":2},"end":{"line":32,"column":10}},"loc":{"start":{"line":32,"column":21},"end":{"line":34,"column":3}}},"4":{"name":"(anonymous_6)","decl":{"start":{"line":36,"column":2},"end":{"line":36,"column":9}},"loc":{"start":{"line":36,"column":46},"end":{"line":38,"column":3}}},"5":{"name":"(anonymous_7)","decl":{"start":{"line":40,"column":2},"end":{"line":40,"column":8}},"loc":{"start":{"line":40,"column":19},"end":{"line":42,"column":3}}}},"branchMap":{"0":{"loc":{"start":{"line":36,"column":10},"end":{"line":36,"column":26}},"type":"default-arg","locations":[{"start":{"line":36,"column":25},"end":{"line":36,"column":26}}]},"1":{"loc":{"start":{"line":36,"column":28},"end":{"line":36,"column":46}},"type":"default-arg","locations":[{"start":{"line":36,"column":44},"end":{"line":36,"column":46}}]},"2":{"loc":{"start":{"line":17,"column":42},"end":{"line":17,"column":null}},"type":"cond-expr","locations":[{"start":{"line":17,"column":61},"end":{"line":17,"column":null}},{"start":{"line":17,"column":61},"end":{"line":17,"column":null}}]},"3":{"loc":{"start":{"line":17,"column":42},"end":{"line":17,"column":61}},"type":"binary-expr","locations":[{"start":{"line":17,"column":42},"end":{"line":17,"column":null}},{"start":{"line":17,"column":42},"end":{"line":17,"column":61}}]},"4":{"loc":{"start":{"line":17,"column":61},"end":{"line":18,"column":null}},"type":"cond-expr","locations":[{"start":{"line":18,"column":61},"end":{"line":18,"column":null}},{"start":{"line":18,"column":61},"end":{"line":18,"column":null}}]},"5":{"loc":{"start":{"line":17,"column":61},"end":{"line":18,"column":61}},"type":"binary-expr","locations":[{"start":{"line":17,"column":61},"end":{"line":18,"column":null}},{"start":{"line":18,"column":42},"end":{"line":18,"column":61}}]},"6":{"loc":{"start":{"line":18,"column":61},"end":{"line":19,"column":null}},"type":"cond-expr","locations":[{"start":{"line":19,"column":65},"end":{"line":19,"column":null}},{"start":{"line":19,"column":65},"end":{"line":19,"column":null}}]},"7":{"loc":{"start":{"line":18,"column":61},"end":{"line":19,"column":65}},"type":"binary-expr","locations":[{"start":{"line":18,"column":61},"end":{"line":19,"column":null}},{"start":{"line":19,"column":44},"end":{"line":19,"column":65}}]},"8":{"loc":{"start":{"line":19,"column":65},"end":{"line":20,"column":null}},"type":"cond-expr","locations":[{"start":{"line":20,"column":65},"end":{"line":20,"column":null}},{"start":{"line":20,"column":65},"end":{"line":20,"column":null}}]},"9":{"loc":{"start":{"line":19,"column":65},"end":{"line":20,"column":65}},"type":"binary-expr","locations":[{"start":{"line":19,"column":65},"end":{"line":20,"column":null}},{"start":{"line":20,"column":44},"end":{"line":20,"column":65}}]},"10":{"loc":{"start":{"line":20,"column":65},"end":{"line":21,"column":null}},"type":"cond-expr","locations":[{"start":{"line":21,"column":61},"end":{"line":21,"column":null}},{"start":{"line":21,"column":61},"end":{"line":21,"column":null}}]},"11":{"loc":{"start":{"line":20,"column":65},"end":{"line":21,"column":61}},"type":"binary-expr","locations":[{"start":{"line":20,"column":65},"end":{"line":21,"column":null}},{"start":{"line":21,"column":42},"end":{"line":21,"column":61}}]}},"s":{"0":1,"1":1,"2":1,"3":1,"4":1,"5":1,"6":1,"7":1,"8":1,"9":1,"10":1,"11":1,"12":0,"13":0,"14":0,"15":0,"16":0,"17":1,"18":1},"f":{"0":1,"1":0,"2":0,"3":0,"4":0,"5":0},"b":{"0":[0],"1":[0],"2":[1,0],"3":[1,1],"4":[1,0],"5":[1,1],"6":[1,0],"7":[1,1],"8":[1,0],"9":[1,1],"10":[1,0],"11":[1,1]}}
,"F:\\orcamentos\\backend\\src\\modules\\budgets\\controllers\\create.budget.controller.ts": {"path":"F:\\orcamentos\\backend\\src\\modules\\budgets\\controllers\\create.budget.controller.ts","statementMap":{"0":{"start":{"line":1,"column":0},"end":{"line":1,"column":null}},"1":{"start":{"line":7,"column":0},"end":{"line":7,"column":93}},"2":{"start":{"line":8,"column":0},"end":{"line":8,"column":68}},"3":{"start":{"line":9,"column":0},"end":{"line":9,"column":71}},"4":{"start":{"line":11,"column":0},"end":{"line":11,"column":67}},"5":{"start":{"line":12,"column":0},"end":{"line":12,"column":58}},"6":{"start":{"line":13,"column":0},"end":{"line":13,"column":56}},"7":{"start":{"line":18,"column":7},"end":{"line":36,"column":null}},"8":{"start":{"line":19,"column":31},"end":{"line":19,"column":52}},"9":{"start":{"line":34,"column":4},"end":{"line":34,"column":50}},"10":{"start":{"line":18,"column":13},"end":{"line":18,"column":36}},"11":{"start":{"line":33,"column":2},"end":{"line":35,"column":null}},"12":{"start":{"line":18,"column":13},"end":{"line":36,"column":null}}},"fnMap":{"0":{"name":"(anonymous_4)","decl":{"start":{"line":19,"column":2},"end":{"line":19,"column":31}},"loc":{"start":{"line":19,"column":71},"end":{"line":19,"column":75}}},"1":{"name":"(anonymous_5)","decl":{"start":{"line":33,"column":2},"end":{"line":33,"column":8}},"loc":{"start":{"line":33,"column":37},"end":{"line":35,"column":3}}}},"branchMap":{"0":{"loc":{"start":{"line":33,"column":23},"end":{"line":33,"column":40}},"type":"cond-expr","locations":[{"start":{"line":33,"column":37},"end":{"line":33,"column":40}},{"start":{"line":33,"column":37},"end":{"line":33,"column":40}}]},"1":{"loc":{"start":{"line":33,"column":23},"end":{"line":33,"column":37}},"type":"binary-expr","locations":[{"start":{"line":33,"column":23},"end":{"line":33,"column":40}},{"start":{"line":33,"column":23},"end":{"line":33,"column":37}}]},"2":{"loc":{"start":{"line":33,"column":40},"end":{"line":33,"column":null}},"type":"cond-expr","locations":[{"start":{"line":33,"column":47},"end":{"line":33,"column":null}},{"start":{"line":33,"column":47},"end":{"line":33,"column":null}}]},"3":{"loc":{"start":{"line":33,"column":40},"end":{"line":33,"column":47}},"type":"binary-expr","locations":[{"start":{"line":33,"column":40},"end":{"line":33,"column":null}},{"start":{"line":33,"column":40},"end":{"line":33,"column":47}}]},"4":{"loc":{"start":{"line":19,"column":52},"end":{"line":19,"column":74}},"type":"cond-expr","locations":[{"start":{"line":19,"column":71},"end":{"line":19,"column":74}},{"start":{"line":19,"column":71},"end":{"line":19,"column":74}}]},"5":{"loc":{"start":{"line":19,"column":52},"end":{"line":19,"column":71}},"type":"binary-expr","locations":[{"start":{"line":19,"column":52},"end":{"line":19,"column":74}},{"start":{"line":19,"column":52},"end":{"line":19,"column":71}}]}},"s":{"0":1,"1":1,"2":1,"3":1,"4":1,"5":1,"6":1,"7":1,"8":1,"9":1,"10":1,"11":1,"12":1},"f":{"0":1,"1":1},"b":{"0":[1,0],"1":[1,1],"2":[1,0],"3":[1,1],"4":[1,0],"5":[1,1]}}
,"F:\\orcamentos\\backend\\src\\modules\\budgets\\controllers\\delete.budget.controller.ts": {"path":"F:\\orcamentos\\backend\\src\\modules\\budgets\\controllers\\delete.budget.controller.ts","statementMap":{"0":{"start":{"line":1,"column":0},"end":{"line":1,"column":null}},"1":{"start":{"line":7,"column":0},"end":{"line":7,"column":94}},"2":{"start":{"line":8,"column":0},"end":{"line":8,"column":68}},"3":{"start":{"line":9,"column":0},"end":{"line":9,"column":71}},"4":{"start":{"line":10,"column":0},"end":{"line":10,"column":67}},"5":{"start":{"line":11,"column":0},"end":{"line":11,"column":56}},"6":{"start":{"line":13,"column":0},"end":{"line":13,"column":62}},"7":{"start":{"line":18,"column":7},"end":{"line":36,"column":null}},"8":{"start":{"line":19,"column":31},"end":{"line":19,"column":52}},"9":{"start":{"line":33,"column":4},"end":{"line":33,"column":55}},"10":{"start":{"line":18,"column":13},"end":{"line":18,"column":36}},"11":{"start":{"line":32,"column":2},"end":{"line":34,"column":null}},"12":{"start":{"line":18,"column":13},"end":{"line":36,"column":null}}},"fnMap":{"0":{"name":"(anonymous_4)","decl":{"start":{"line":19,"column":2},"end":{"line":19,"column":31}},"loc":{"start":{"line":19,"column":71},"end":{"line":19,"column":75}}},"1":{"name":"(anonymous_5)","decl":{"start":{"line":32,"column":2},"end":{"line":32,"column":8}},"loc":{"start":{"line":32,"column":36},"end":{"line":34,"column":3}}}},"branchMap":{"0":{"loc":{"start":{"line":32,"column":26},"end":{"line":32,"column":39}},"type":"cond-expr","locations":[{"start":{"line":32,"column":36},"end":{"line":32,"column":39}},{"start":{"line":32,"column":36},"end":{"line":32,"column":39}}]},"1":{"loc":{"start":{"line":32,"column":26},"end":{"line":32,"column":36}},"type":"binary-expr","locations":[{"start":{"line":32,"column":26},"end":{"line":32,"column":39}},{"start":{"line":32,"column":26},"end":{"line":32,"column":36}}]},"2":{"loc":{"start":{"line":32,"column":39},"end":{"line":32,"column":null}},"type":"cond-expr","locations":[{"start":{"line":32,"column":46},"end":{"line":32,"column":null}},{"start":{"line":32,"column":46},"end":{"line":32,"column":null}}]},"3":{"loc":{"start":{"line":32,"column":39},"end":{"line":32,"column":46}},"type":"binary-expr","locations":[{"start":{"line":32,"column":39},"end":{"line":32,"column":null}},{"start":{"line":32,"column":39},"end":{"line":32,"column":46}}]},"4":{"loc":{"start":{"line":19,"column":52},"end":{"line":19,"column":74}},"type":"cond-expr","locations":[{"start":{"line":19,"column":71},"end":{"line":19,"column":74}},{"start":{"line":19,"column":71},"end":{"line":19,"column":74}}]},"5":{"loc":{"start":{"line":19,"column":52},"end":{"line":19,"column":71}},"type":"binary-expr","locations":[{"start":{"line":19,"column":52},"end":{"line":19,"column":74}},{"start":{"line":19,"column":52},"end":{"line":19,"column":71}}]}},"s":{"0":1,"1":1,"2":1,"3":1,"4":1,"5":1,"6":1,"7":1,"8":1,"9":1,"10":1,"11":1,"12":1},"f":{"0":1,"1":1},"b":{"0":[1,0],"1":[1,1],"2":[1,0],"3":[1,1],"4":[1,0],"5":[1,1]}}
,"F:\\orcamentos\\backend\\src\\modules\\budgets\\controllers\\findAll.budget.controller.ts": {"path":"F:\\orcamentos\\backend\\src\\modules\\budgets\\controllers\\findAll.budget.controller.ts","statementMap":{"0":{"start":{"line":1,"column":0},"end":{"line":1,"column":null}},"1":{"start":{"line":7,"column":0},"end":{"line":7,"column":84}},"2":{"start":{"line":8,"column":0},"end":{"line":8,"column":68}},"3":{"start":{"line":9,"column":0},"end":{"line":9,"column":100}},"4":{"start":{"line":10,"column":0},"end":{"line":10,"column":56}},"5":{"start":{"line":11,"column":0},"end":{"line":11,"column":67}},"6":{"start":{"line":12,"column":0},"end":{"line":12,"column":70}},"7":{"start":{"line":17,"column":7},"end":{"line":34,"column":null}},"8":{"start":{"line":18,"column":31},"end":{"line":18,"column":54}},"9":{"start":{"line":31,"column":4},"end":{"line":31,"column":71}},"10":{"start":{"line":17,"column":13},"end":{"line":17,"column":37}},"11":{"start":{"line":30,"column":2},"end":{"line":32,"column":null}},"12":{"start":{"line":17,"column":13},"end":{"line":34,"column":null}}},"fnMap":{"0":{"name":"(anonymous_4)","decl":{"start":{"line":18,"column":2},"end":{"line":18,"column":31}},"loc":{"start":{"line":18,"column":75},"end":{"line":18,"column":79}}},"1":{"name":"(anonymous_5)","decl":{"start":{"line":30,"column":2},"end":{"line":30,"column":9}},"loc":{"start":{"line":30,"column":42},"end":{"line":32,"column":3}}}},"branchMap":{"0":{"loc":{"start":{"line":30,"column":26},"end":{"line":30,"column":45}},"type":"cond-expr","locations":[{"start":{"line":30,"column":42},"end":{"line":30,"column":45}},{"start":{"line":30,"column":42},"end":{"line":30,"column":45}}]},"1":{"loc":{"start":{"line":30,"column":26},"end":{"line":30,"column":42}},"type":"binary-expr","locations":[{"start":{"line":30,"column":26},"end":{"line":30,"column":45}},{"start":{"line":30,"column":26},"end":{"line":30,"column":42}}]},"2":{"loc":{"start":{"line":30,"column":45},"end":{"line":30,"column":null}},"type":"cond-expr","locations":[{"start":{"line":30,"column":52},"end":{"line":30,"column":null}},{"start":{"line":30,"column":52},"end":{"line":30,"column":null}}]},"3":{"loc":{"start":{"line":30,"column":45},"end":{"line":30,"column":52}},"type":"binary-expr","locations":[{"start":{"line":30,"column":45},"end":{"line":30,"column":null}},{"start":{"line":30,"column":45},"end":{"line":30,"column":52}}]},"4":{"loc":{"start":{"line":18,"column":54},"end":{"line":18,"column":78}},"type":"cond-expr","locations":[{"start":{"line":18,"column":75},"end":{"line":18,"column":78}},{"start":{"line":18,"column":75},"end":{"line":18,"column":78}}]},"5":{"loc":{"start":{"line":18,"column":54},"end":{"line":18,"column":75}},"type":"binary-expr","locations":[{"start":{"line":18,"column":54},"end":{"line":18,"column":78}},{"start":{"line":18,"column":54},"end":{"line":18,"column":75}}]}},"s":{"0":1,"1":1,"2":1,"3":1,"4":1,"5":1,"6":1,"7":1,"8":1,"9":2,"10":1,"11":1,"12":1},"f":{"0":1,"1":2},"b":{"0":[1,0],"1":[1,1],"2":[1,0],"3":[1,1],"4":[1,0],"5":[1,1]}}
,"F:\\orcamentos\\backend\\src\\modules\\budgets\\controllers\\findById.budget.controller.ts": {"path":"F:\\orcamentos\\backend\\src\\modules\\budgets\\controllers\\findById.budget.controller.ts","statementMap":{"0":{"start":{"line":1,"column":0},"end":{"line":1,"column":null}},"1":{"start":{"line":7,"column":0},"end":{"line":7,"column":94}},"2":{"start":{"line":8,"column":0},"end":{"line":8,"column":68}},"3":{"start":{"line":9,"column":0},"end":{"line":9,"column":77}},"4":{"start":{"line":10,"column":0},"end":{"line":10,"column":56}},"5":{"start":{"line":11,"column":0},"end":{"line":11,"column":67}},"6":{"start":{"line":12,"column":0},"end":{"line":12,"column":62}},"7":{"start":{"line":18,"column":7},"end":{"line":35,"column":null}},"8":{"start":{"line":19,"column":31},"end":{"line":19,"column":54}},"9":{"start":{"line":33,"column":4},"end":{"line":33,"column":57}},"10":{"start":{"line":18,"column":13},"end":{"line":18,"column":38}},"11":{"start":{"line":32,"column":2},"end":{"line":34,"column":null}},"12":{"start":{"line":18,"column":13},"end":{"line":35,"column":null}}},"fnMap":{"0":{"name":"(anonymous_4)","decl":{"start":{"line":19,"column":2},"end":{"line":19,"column":31}},"loc":{"start":{"line":19,"column":75},"end":{"line":19,"column":79}}},"1":{"name":"(anonymous_5)","decl":{"start":{"line":32,"column":2},"end":{"line":32,"column":10}},"loc":{"start":{"line":32,"column":38},"end":{"line":34,"column":3}}}},"branchMap":{"0":{"loc":{"start":{"line":32,"column":28},"end":{"line":32,"column":41}},"type":"cond-expr","locations":[{"start":{"line":32,"column":38},"end":{"line":32,"column":41}},{"start":{"line":32,"column":38},"end":{"line":32,"column":41}}]},"1":{"loc":{"start":{"line":32,"column":28},"end":{"line":32,"column":38}},"type":"binary-expr","locations":[{"start":{"line":32,"column":28},"end":{"line":32,"column":41}},{"start":{"line":32,"column":28},"end":{"line":32,"column":38}}]},"2":{"loc":{"start":{"line":32,"column":41},"end":{"line":32,"column":null}},"type":"cond-expr","locations":[{"start":{"line":32,"column":48},"end":{"line":32,"column":null}},{"start":{"line":32,"column":48},"end":{"line":32,"column":null}}]},"3":{"loc":{"start":{"line":32,"column":41},"end":{"line":32,"column":48}},"type":"binary-expr","locations":[{"start":{"line":32,"column":41},"end":{"line":32,"column":null}},{"start":{"line":32,"column":41},"end":{"line":32,"column":48}}]},"4":{"loc":{"start":{"line":19,"column":54},"end":{"line":19,"column":78}},"type":"cond-expr","locations":[{"start":{"line":19,"column":75},"end":{"line":19,"column":78}},{"start":{"line":19,"column":75},"end":{"line":19,"column":78}}]},"5":{"loc":{"start":{"line":19,"column":54},"end":{"line":19,"column":75}},"type":"binary-expr","locations":[{"start":{"line":19,"column":54},"end":{"line":19,"column":78}},{"start":{"line":19,"column":54},"end":{"line":19,"column":75}}]}},"s":{"0":1,"1":1,"2":1,"3":1,"4":1,"5":1,"6":1,"7":1,"8":1,"9":2,"10":1,"11":1,"12":1},"f":{"0":1,"1":2},"b":{"0":[1,0],"1":[1,1],"2":[1,0],"3":[1,1],"4":[1,0],"5":[1,1]}}
,"F:\\orcamentos\\backend\\src\\modules\\budgets\\controllers\\index.ts": {"path":"F:\\orcamentos\\backend\\src\\modules\\budgets\\controllers\\index.ts","statementMap":{"0":{"start":{"line":1,"column":0},"end":{"line":1,"column":69}},"1":{"start":{"line":2,"column":0},"end":{"line":2,"column":69}},"2":{"start":{"line":3,"column":0},"end":{"line":3,"column":71}},"3":{"start":{"line":4,"column":0},"end":{"line":4,"column":73}},"4":{"start":{"line":5,"column":0},"end":{"line":5,"column":69}},"5":{"start":{"line":7,"column":13},"end":{"line":14,"column":2}}},"fnMap":{},"branchMap":{},"s":{"0":1,"1":1,"2":1,"3":1,"4":1,"5":1},"f":{},"b":{}}
,"F:\\orcamentos\\backend\\src\\modules\\budgets\\controllers\\update.budget.controller.ts": {"path":"F:\\orcamentos\\backend\\src\\modules\\budgets\\controllers\\update.budget.controller.ts","statementMap":{"0":{"start":{"line":1,"column":0},"end":{"line":1,"column":null}},"1":{"start":{"line":8,"column":0},"end":{"line":8,"column":103}},"2":{"start":{"line":9,"column":0},"end":{"line":9,"column":56}},"3":{"start":{"line":10,"column":0},"end":{"line":10,"column":71}},"4":{"start":{"line":11,"column":0},"end":{"line":11,"column":67}},"5":{"start":{"line":12,"column":0},"end":{"line":12,"column":68}},"6":{"start":{"line":13,"column":0},"end":{"line":13,"column":62}},"7":{"start":{"line":14,"column":0},"end":{"line":14,"column":58}},"8":{"start":{"line":20,"column":7},"end":{"line":42,"column":null}},"9":{"start":{"line":21,"column":31},"end":{"line":21,"column":52}},"10":{"start":{"line":39,"column":4},"end":{"line":39,"column":61}},"11":{"start":{"line":20,"column":13},"end":{"line":20,"column":36}},"12":{"start":{"line":35,"column":2},"end":{"line":40,"column":null}},"13":{"start":{"line":20,"column":13},"end":{"line":42,"column":null}}},"fnMap":{"0":{"name":"(anonymous_4)","decl":{"start":{"line":21,"column":2},"end":{"line":21,"column":31}},"loc":{"start":{"line":21,"column":71},"end":{"line":21,"column":75}}},"1":{"name":"(anonymous_5)","decl":{"start":{"line":35,"column":2},"end":{"line":35,"column":8}},"loc":{"start":{"line":37,"column":32},"end":{"line":40,"column":3}}}},"branchMap":{"0":{"loc":{"start":{"line":36,"column":21},"end":{"line":36,"column":null}},"type":"cond-expr","locations":[{"start":{"line":36,"column":31},"end":{"line":36,"column":null}},{"start":{"line":36,"column":31},"end":{"line":36,"column":null}}]},"1":{"loc":{"start":{"line":36,"column":21},"end":{"line":36,"column":31}},"type":"binary-expr","locations":[{"start":{"line":36,"column":21},"end":{"line":36,"column":null}},{"start":{"line":36,"column":21},"end":{"line":36,"column":31}}]},"2":{"loc":{"start":{"line":36,"column":31},"end":{"line":37,"column":null}},"type":"cond-expr","locations":[{"start":{"line":37,"column":32},"end":{"line":37,"column":null}},{"start":{"line":37,"column":32},"end":{"line":37,"column":null}}]},"3":{"loc":{"start":{"line":36,"column":31},"end":{"line":37,"column":32}},"type":"binary-expr","locations":[{"start":{"line":36,"column":31},"end":{"line":37,"column":null}},{"start":{"line":37,"column":18},"end":{"line":37,"column":32}}]},"4":{"loc":{"start":{"line":38,"column":5},"end":{"line":38,"column":null}},"type":"cond-expr","locations":[{"start":{"line":38,"column":12},"end":{"line":38,"column":null}},{"start":{"line":38,"column":12},"end":{"line":38,"column":null}}]},"5":{"loc":{"start":{"line":38,"column":5},"end":{"line":38,"column":12}},"type":"binary-expr","locations":[{"start":{"line":38,"column":5},"end":{"line":38,"column":null}},{"start":{"line":38,"column":5},"end":{"line":38,"column":12}}]},"6":{"loc":{"start":{"line":21,"column":52},"end":{"line":21,"column":74}},"type":"cond-expr","locations":[{"start":{"line":21,"column":71},"end":{"line":21,"column":74}},{"start":{"line":21,"column":71},"end":{"line":21,"column":74}}]},"7":{"loc":{"start":{"line":21,"column":52},"end":{"line":21,"column":71}},"type":"binary-expr","locations":[{"start":{"line":21,"column":52},"end":{"line":21,"column":74}},{"start":{"line":21,"column":52},"end":{"line":21,"column":71}}]}},"s":{"0":1,"1":1,"2":1,"3":1,"4":1,"5":1,"6":1,"7":1,"8":1,"9":1,"10":1,"11":1,"12":1,"13":1},"f":{"0":1,"1":1},"b":{"0":[1,0],"1":[1,1],"2":[1,0],"3":[1,1],"4":[1,0],"5":[1,1],"6":[1,0],"7":[1,1]}}
,"F:\\orcamentos\\backend\\src\\modules\\budgets\\dto\\create-budget.dto.ts": {"path":"F:\\orcamentos\\backend\\src\\modules\\budgets\\dto\\create-budget.dto.ts","statementMap":{"0":{"start":{"line":1,"column":0},"end":{"line":1,"column":41}},"1":{"start":{"line":2,"column":0},"end":{"line":2,"column":null}},"2":{"start":{"line":14,"column":0},"end":{"line":14,"column":67}},"3":{"start":{"line":16,"column":0},"end":{"line":16,"column":13}},"4":{"start":{"line":20,"column":2},"end":{"line":20,"column":null}},"5":{"start":{"line":25,"column":2},"end":{"line":25,"column":null}},"6":{"start":{"line":31,"column":2},"end":{"line":31,"column":null}},"7":{"start":{"line":28,"column":14},"end":{"line":28,"column":20}},"8":{"start":{"line":37,"column":2},"end":{"line":37,"column":null}},"9":{"start":{"line":34,"column":14},"end":{"line":34,"column":20}},"10":{"start":{"line":40,"column":0},"end":{"line":40,"column":null}},"11":{"start":{"line":41,"column":2},"end":{"line":41,"column":null}},"12":{"start":{"line":42,"column":2},"end":{"line":42,"column":null}},"13":{"start":{"line":43,"column":2},"end":{"line":43,"column":null}},"14":{"start":{"line":46,"column":0},"end":{"line":46,"column":13}},"15":{"start":{"line":50,"column":2},"end":{"line":50,"column":null}},"16":{"start":{"line":55,"column":2},"end":{"line":55,"column":null}},"17":{"start":{"line":60,"column":2},"end":{"line":60,"column":null}},"18":{"start":{"line":65,"column":2},"end":{"line":65,"column":null}},"19":{"start":{"line":70,"column":2},"end":{"line":70,"column":null}},"20":{"start":{"line":76,"column":2},"end":{"line":76,"column":null}},"21":{"start":{"line":73,"column":14},"end":{"line":73,"column":20}},"22":{"start":{"line":82,"column":2},"end":{"line":82,"column":null}},"23":{"start":{"line":79,"column":14},"end":{"line":79,"column":20}},"24":{"start":{"line":88,"column":2},"end":{"line":88,"column":null}},"25":{"start":{"line":85,"column":14},"end":{"line":85,"column":20}},"26":{"start":{"line":93,"column":2},"end":{"line":93,"column":null}},"27":{"start":{"line":98,"column":2},"end":{"line":98,"column":null}},"28":{"start":{"line":102,"column":2},"end":{"line":102,"column":null}},"29":{"start":{"line":108,"column":2},"end":{"line":108,"column":null}},"30":{"start":{"line":107,"column":14},"end":{"line":107,"column":30}},"31":{"start":{"line":112,"column":2},"end":{"line":112,"column":null}},"32":{"start":{"line":116,"column":2},"end":{"line":116,"column":null}},"33":{"start":{"line":121,"column":2},"end":{"line":121,"column":null}},"34":{"start":{"line":125,"column":2},"end":{"line":125,"column":null}},"35":{"start":{"line":131,"column":2},"end":{"line":131,"column":null}},"36":{"start":{"line":129,"column":14},"end":{"line":129,"column":20}},"37":{"start":{"line":136,"column":2},"end":{"line":136,"column":null}},"38":{"start":{"line":142,"column":2},"end":{"line":142,"column":null}},"39":{"start":{"line":140,"column":14},"end":{"line":140,"column":20}},"40":{"start":{"line":148,"column":2},"end":{"line":148,"column":null}},"41":{"start":{"line":146,"column":14},"end":{"line":146,"column":20}},"42":{"start":{"line":154,"column":2},"end":{"line":154,"column":null}},"43":{"start":{"line":152,"column":14},"end":{"line":152,"column":20}}},"fnMap":{"0":{"name":"(anonymous_2)","decl":{"start":{"line":28,"column":8},"end":{"line":28,"column":11}},"loc":{"start":{"line":28,"column":14},"end":{"line":28,"column":20}}},"1":{"name":"(anonymous_3)","decl":{"start":{"line":34,"column":8},"end":{"line":34,"column":11}},"loc":{"start":{"line":34,"column":14},"end":{"line":34,"column":20}}},"2":{"name":"(anonymous_4)","decl":{"start":{"line":40,"column":0},"end":{"line":40,"column":12}},"loc":{"start":{"line":40,"column":22},"end":{"line":44,"column":1}}},"3":{"name":"(anonymous_5)","decl":{"start":{"line":73,"column":8},"end":{"line":73,"column":11}},"loc":{"start":{"line":73,"column":14},"end":{"line":73,"column":20}}},"4":{"name":"(anonymous_6)","decl":{"start":{"line":79,"column":8},"end":{"line":79,"column":11}},"loc":{"start":{"line":79,"column":14},"end":{"line":79,"column":20}}},"5":{"name":"(anonymous_7)","decl":{"start":{"line":85,"column":8},"end":{"line":85,"column":11}},"loc":{"start":{"line":85,"column":14},"end":{"line":85,"column":20}}},"6":{"name":"(anonymous_8)","decl":{"start":{"line":107,"column":8},"end":{"line":107,"column":11}},"loc":{"start":{"line":107,"column":14},"end":{"line":107,"column":30}}},"7":{"name":"(anonymous_9)","decl":{"start":{"line":129,"column":8},"end":{"line":129,"column":11}},"loc":{"start":{"line":129,"column":14},"end":{"line":129,"column":20}}},"8":{"name":"(anonymous_10)","decl":{"start":{"line":140,"column":8},"end":{"line":140,"column":11}},"loc":{"start":{"line":140,"column":14},"end":{"line":140,"column":20}}},"9":{"name":"(anonymous_11)","decl":{"start":{"line":146,"column":8},"end":{"line":146,"column":11}},"loc":{"start":{"line":146,"column":14},"end":{"line":146,"column":20}}},"10":{"name":"(anonymous_12)","decl":{"start":{"line":152,"column":8},"end":{"line":152,"column":11}},"loc":{"start":{"line":152,"column":14},"end":{"line":152,"column":20}}}},"branchMap":{"0":{"loc":{"start":{"line":40,"column":12},"end":{"line":40,"column":null}},"type":"binary-expr","locations":[{"start":{"line":40,"column":12},"end":{"line":40,"column":22}},{"start":{"line":40,"column":22},"end":{"line":40,"column":null}}]}},"s":{"0":2,"1":2,"2":2,"3":2,"4":2,"5":2,"6":2,"7":2,"8":2,"9":2,"10":2,"11":2,"12":2,"13":2,"14":2,"15":2,"16":2,"17":2,"18":2,"19":2,"20":2,"21":2,"22":2,"23":2,"24":2,"25":2,"26":2,"27":2,"28":2,"29":2,"30":2,"31":2,"32":2,"33":2,"34":2,"35":2,"36":1,"37":2,"38":2,"39":2,"40":2,"41":2,"42":2,"43":2},"f":{"0":2,"1":2,"2":2,"3":2,"4":2,"5":2,"6":2,"7":1,"8":2,"9":2,"10":2},"b":{"0":[2,2]}}
,"F:\\orcamentos\\backend\\src\\modules\\budgets\\dto\\delete-budget-response.dto.ts": {"path":"F:\\orcamentos\\backend\\src\\modules\\budgets\\dto\\delete-budget-response.dto.ts","statementMap":{"0":{"start":{"line":1,"column":0},"end":{"line":1,"column":46}},"1":{"start":{"line":3,"column":0},"end":{"line":3,"column":13}},"2":{"start":{"line":5,"column":2},"end":{"line":5,"column":null}},"3":{"start":{"line":8,"column":2},"end":{"line":8,"column":null}}},"fnMap":{},"branchMap":{},"s":{"0":0,"1":0,"2":0,"3":0},"f":{},"b":{}}
,"F:\\orcamentos\\backend\\src\\modules\\budgets\\dto\\update-budget.dto.ts": {"path":"F:\\orcamentos\\backend\\src\\modules\\budgets\\dto\\update-budget.dto.ts","statementMap":{"0":{"start":{"line":1,"column":0},"end":{"line":1,"column":51}},"1":{"start":{"line":2,"column":0},"end":{"line":2,"column":53}},"2":{"start":{"line":3,"column":0},"end":{"line":3,"column":43}},"3":{"start":{"line":5,"column":0},"end":{"line":5,"column":13}},"4":{"start":{"line":7,"column":2},"end":{"line":7,"column":null}}},"fnMap":{},"branchMap":{},"s":{"0":0,"1":0,"2":0,"3":0,"4":0},"f":{},"b":{}}
,"F:\\orcamentos\\backend\\src\\modules\\budgets\\entity\\budget.entity.ts": {"path":"F:\\orcamentos\\backend\\src\\modules\\budgets\\entity\\budget.entity.ts","statementMap":{"0":{"start":{"line":45,"column":39},"end":{"line":45,"column":63}},"1":{"start":{"line":46,"column":4},"end":{"line":46,"column":22}},"2":{"start":{"line":52,"column":4},"end":{"line":71,"column":7}},"3":{"start":{"line":66,"column":45},"end":{"line":70,"column":8}},"4":{"start":{"line":75,"column":4},"end":{"line":75,"column":27}},"5":{"start":{"line":78,"column":4},"end":{"line":78,"column":28}},"6":{"start":{"line":81,"column":4},"end":{"line":81,"column":30}},"7":{"start":{"line":84,"column":4},"end":{"line":84,"column":35}},"8":{"start":{"line":87,"column":4},"end":{"line":87,"column":32}},"9":{"start":{"line":90,"column":4},"end":{"line":90,"column":37}},"10":{"start":{"line":93,"column":4},"end":{"line":93,"column":38}},"11":{"start":{"line":96,"column":4},"end":{"line":96,"column":28}},"12":{"start":{"line":99,"column":4},"end":{"line":99,"column":34}},"13":{"start":{"line":102,"column":4},"end":{"line":102,"column":33}},"14":{"start":{"line":105,"column":4},"end":{"line":105,"column":32}},"15":{"start":{"line":108,"column":4},"end":{"line":108,"column":31}},"16":{"start":{"line":111,"column":4},"end":{"line":111,"column":30}},"17":{"start":{"line":114,"column":4},"end":{"line":114,"column":35}},"18":{"start":{"line":117,"column":4},"end":{"line":117,"column":31}},"19":{"start":{"line":120,"column":4},"end":{"line":120,"column":40}},"20":{"start":{"line":123,"column":4},"end":{"line":123,"column":33}},"21":{"start":{"line":126,"column":4},"end":{"line":126,"column":36}},"22":{"start":{"line":129,"column":4},"end":{"line":129,"column":33}},"23":{"start":{"line":132,"column":4},"end":{"line":132,"column":25}},"24":{"start":{"line":135,"column":4},"end":{"line":135,"column":32}},"25":{"start":{"line":138,"column":4},"end":{"line":138,"column":33}},"26":{"start":{"line":141,"column":4},"end":{"line":141,"column":39}},"27":{"start":{"line":145,"column":4},"end":{"line":166,"column":7}},"28":{"start":{"line":161,"column":47},"end":{"line":165,"column":8}},"29":{"start":{"line":170,"column":4},"end":{"line":170,"column":29}},"30":{"start":{"line":173,"column":4},"end":{"line":180,"column":5}},"31":{"start":{"line":174,"column":6},"end":{"line":175,"column":76}},"32":{"start":{"line":175,"column":8},"end":{"line":175,"column":76}},"33":{"start":{"line":176,"column":6},"end":{"line":177,"column":67}},"34":{"start":{"line":177,"column":8},"end":{"line":177,"column":67}},"35":{"start":{"line":178,"column":6},"end":{"line":179,"column":75}},"36":{"start":{"line":179,"column":8},"end":{"line":179,"column":75}},"37":{"start":{"line":44,"column":0},"end":{"line":44,"column":13}}},"fnMap":{"0":{"name":"(anonymous_0)","decl":{"start":{"line":45,"column":2},"end":{"line":45,"column":39}},"loc":{"start":{"line":45,"column":63},"end":{"line":47,"column":3}}},"1":{"name":"(anonymous_1)","decl":{"start":{"line":49,"column":2},"end":{"line":49,"column":8}},"loc":{"start":{"line":50,"column":78},"end":{"line":72,"column":3}}},"2":{"name":"(anonymous_2)","decl":{"start":{"line":66,"column":37},"end":{"line":66,"column":38}},"loc":{"start":{"line":66,"column":45},"end":{"line":70,"column":8}}},"3":{"name":"(anonymous_3)","decl":{"start":{"line":74,"column":2},"end":{"line":74,"column":6}},"loc":{"start":{"line":74,"column":10},"end":{"line":76,"column":3}}},"4":{"name":"(anonymous_4)","decl":{"start":{"line":77,"column":2},"end":{"line":77,"column":6}},"loc":{"start":{"line":77,"column":11},"end":{"line":79,"column":3}}},"5":{"name":"(anonymous_5)","decl":{"start":{"line":80,"column":2},"end":{"line":80,"column":6}},"loc":{"start":{"line":80,"column":13},"end":{"line":82,"column":3}}},"6":{"name":"(anonymous_6)","decl":{"start":{"line":83,"column":2},"end":{"line":83,"column":6}},"loc":{"start":{"line":83,"column":18},"end":{"line":85,"column":3}}},"7":{"name":"(anonymous_7)","decl":{"start":{"line":86,"column":2},"end":{"line":86,"column":6}},"loc":{"start":{"line":86,"column":15},"end":{"line":88,"column":3}}},"8":{"name":"(anonymous_8)","decl":{"start":{"line":89,"column":2},"end":{"line":89,"column":6}},"loc":{"start":{"line":89,"column":20},"end":{"line":91,"column":3}}},"9":{"name":"(anonymous_9)","decl":{"start":{"line":92,"column":2},"end":{"line":92,"column":6}},"loc":{"start":{"line":92,"column":21},"end":{"line":94,"column":3}}},"10":{"name":"(anonymous_10)","decl":{"start":{"line":95,"column":2},"end":{"line":95,"column":6}},"loc":{"start":{"line":95,"column":11},"end":{"line":97,"column":3}}},"11":{"name":"(anonymous_11)","decl":{"start":{"line":98,"column":2},"end":{"line":98,"column":6}},"loc":{"start":{"line":98,"column":17},"end":{"line":100,"column":3}}},"12":{"name":"(anonymous_12)","decl":{"start":{"line":101,"column":2},"end":{"line":101,"column":6}},"loc":{"start":{"line":101,"column":16},"end":{"line":103,"column":3}}},"13":{"name":"(anonymous_13)","decl":{"start":{"line":104,"column":2},"end":{"line":104,"column":6}},"loc":{"start":{"line":104,"column":15},"end":{"line":106,"column":3}}},"14":{"name":"(anonymous_14)","decl":{"start":{"line":107,"column":2},"end":{"line":107,"column":6}},"loc":{"start":{"line":107,"column":14},"end":{"line":109,"column":3}}},"15":{"name":"(anonymous_15)","decl":{"start":{"line":110,"column":2},"end":{"line":110,"column":6}},"loc":{"start":{"line":110,"column":13},"end":{"line":112,"column":3}}},"16":{"name":"(anonymous_16)","decl":{"start":{"line":113,"column":2},"end":{"line":113,"column":6}},"loc":{"start":{"line":113,"column":18},"end":{"line":115,"column":3}}},"17":{"name":"(anonymous_17)","decl":{"start":{"line":116,"column":2},"end":{"line":116,"column":6}},"loc":{"start":{"line":116,"column":14},"end":{"line":118,"column":3}}},"18":{"name":"(anonymous_18)","decl":{"start":{"line":119,"column":2},"end":{"line":119,"column":6}},"loc":{"start":{"line":119,"column":23},"end":{"line":121,"column":3}}},"19":{"name":"(anonymous_19)","decl":{"start":{"line":122,"column":2},"end":{"line":122,"column":6}},"loc":{"start":{"line":122,"column":16},"end":{"line":124,"column":3}}},"20":{"name":"(anonymous_20)","decl":{"start":{"line":125,"column":2},"end":{"line":125,"column":6}},"loc":{"start":{"line":125,"column":19},"end":{"line":127,"column":3}}},"21":{"name":"(anonymous_21)","decl":{"start":{"line":128,"column":2},"end":{"line":128,"column":6}},"loc":{"start":{"line":128,"column":16},"end":{"line":130,"column":3}}},"22":{"name":"(anonymous_22)","decl":{"start":{"line":131,"column":2},"end":{"line":131,"column":6}},"loc":{"start":{"line":131,"column":8},"end":{"line":133,"column":3}}},"23":{"name":"(anonymous_23)","decl":{"start":{"line":134,"column":2},"end":{"line":134,"column":6}},"loc":{"start":{"line":134,"column":15},"end":{"line":136,"column":3}}},"24":{"name":"(anonymous_24)","decl":{"start":{"line":137,"column":2},"end":{"line":137,"column":6}},"loc":{"start":{"line":137,"column":16},"end":{"line":139,"column":3}}},"25":{"name":"(anonymous_25)","decl":{"start":{"line":140,"column":2},"end":{"line":140,"column":6}},"loc":{"start":{"line":140,"column":12},"end":{"line":142,"column":3}}},"26":{"name":"(anonymous_26)","decl":{"start":{"line":144,"column":2},"end":{"line":144,"column":8}},"loc":{"start":{"line":144,"column":39},"end":{"line":167,"column":3}}},"27":{"name":"(anonymous_27)","decl":{"start":{"line":161,"column":39},"end":{"line":161,"column":40}},"loc":{"start":{"line":161,"column":47},"end":{"line":165,"column":8}}},"28":{"name":"(anonymous_28)","decl":{"start":{"line":169,"column"
[...]
,"F:\\orcamentos\\backend\\src\\modules\\whatsapp\\usecase\\event-dispatcher.usecase.ts": {"path":"F:\\orcamentos\\backend\\src\\modules\\whatsapp\\usecase\\event-dispatcher.usecase.ts","statementMap":{"0":{"start":{"line":1,"column":0},"end":{"line":1,"column":52}},"1":{"start":{"line":2,"column":0},"end":{"line":2,"column":83}},"2":{"start":{"line":31,"column":28},"end":{"line":31,"column":47}},"3":{"start":{"line":44,"column":35},"end":{"line":80,"column":null}},"4":{"start":{"line":48,"column":21},"end":{"line":48,"column":52}},"5":{"start":{"line":45,"column":19},"end":{"line":45,"column":68}},"6":{"start":{"line":54,"column":4},"end":{"line":78,"column":5}},"7":{"start":{"line":56,"column":8},"end":{"line":59,"column":10}},"8":{"start":{"line":61,"column":8},"end":{"line":61,"column":14}},"9":{"start":{"line":64,"column":8},"end":{"line":67,"column":10}},"10":{"start":{"line":68,"column":8},"end":{"line":68,"column":14}},"11":{"start":{"line":71,"column":8},"end":{"line":71,"column":65}},"12":{"start":{"line":72,"column":8},"end":{"line":72,"column":14}},"13":{"start":{"line":75,"column":8},"end":{"line":77,"column":10}},"14":{"start":{"line":44,"column":13},"end":{"line":44,"column":35}},"15":{"start":{"line":44,"column":13},"end":{"line":80,"column":null}}},"fnMap":{"0":{"name":"(anonymous_2)","decl":{"start":{"line":47,"column":2},"end":{"line":47,"column":null}},"loc":{"start":{"line":48,"column":81},"end":{"line":49,"column":6}}},"1":{"name":"(anonymous_3)","decl":{"start":{"line":51,"column":2},"end":{"line":51,"column":7}},"loc":{"start":{"line":51,"column":23},"end":{"line":79,"column":3}}}},"branchMap":{"0":{"loc":{"start":{"line":54,"column":4},"end":{"line":78,"column":5}},"type":"switch","locations":[{"start":{"line":55,"column":6},"end":{"line":61,"column":14}},{"start":{"line":63,"column":6},"end":{"line":68,"column":14}},{"start":{"line":70,"column":6},"end":{"line":72,"column":14}},{"start":{"line":74,"column":6},"end":{"line":77,"column":10}}]},"1":{"loc":{"start":{"line":48,"column":52},"end":{"line":48,"column":null}},"type":"cond-expr","locations":[{"start":{"line":48,"column":81},"end":{"line":48,"column":null}},{"start":{"line":48,"column":81},"end":{"line":48,"column":null}}]},"2":{"loc":{"start":{"line":48,"column":52},"end":{"line":48,"column":81}},"type":"binary-expr","locations":[{"start":{"line":48,"column":52},"end":{"line":48,"column":null}},{"start":{"line":48,"column":52},"end":{"line":48,"column":81}}]}},"s":{"0":0,"1":0,"2":0,"3":0,"4":0,"5":0,"6":0,"7":0,"8":0,"9":0,"10":0,"11":0,"12":0,"13":0,"14":0,"15":0},"f":{"0":0,"1":0},"b":{"0":[0,0,0,0],"1":[0,0],"2":[0,0]}}
,"F:\\orcamentos\\backend\\src\\modules\\whatsapp\\usecase\\findByConnection-usecase.ts": {"path":"F:\\orcamentos\\backend\\src\\modules\\whatsapp\\usecase\\findByConnection-usecase.ts","statementMap":{"0":{"start":{"line":1,"column":0},"end":{"line":1,"column":null}},"1":{"start":{"line":8,"column":0},"end":{"line":8,"column":62}},"2":{"start":{"line":9,"column":0},"end":{"line":9,"column":68}},"3":{"start":{"line":10,"column":0},"end":{"line":10,"column":78}},"4":{"start":{"line":13,"column":33},"end":{"line":60,"column":null}},"5":{"start":{"line":17,"column":21},"end":{"line":17,"column":33}},"6":{"start":{"line":18,"column":21},"end":{"line":18,"column":35}},"7":{"start":{"line":14,"column":19},"end":{"line":14,"column":66}},"8":{"start":{"line":22,"column":20},"end":{"line":22,"column":71}},"9":{"start":{"line":23,"column":4},"end":{"line":24,"column":66}},"10":{"start":{"line":24,"column":6},"end":{"line":24,"column":66}},"11":{"start":{"line":26,"column":4},"end":{"line":58,"column":5}},"12":{"start":{"line":27,"column":6},"end":{"line":45,"column":7}},"13":{"start":{"line":32,"column":9},"end":{"line":32,"column":89}},"14":{"start":{"line":33,"column":21},"end":{"line":34,"column":null}},"15":{"start":{"line":36,"column":33},"end":{"line":40,"column":10}},"16":{"start":{"line":42,"column":10},"end":{"line":42,"column":58}},"17":{"start":{"line":43,"column":35},"end":{"line":43,"column":57}},"18":{"start":{"line":44,"column":8},"end":{"line":44,"column":34}},"19":{"start":{"line":50,"column":33},"end":{"line":50,"column":46}},"20":{"start":{"line":51,"column":6},"end":{"line":51,"column":78}},"21":{"start":{"line":52,"column":6},"end":{"line":52,"column":32}},"22":{"start":{"line":54,"column":6},"end":{"line":56,"column":8}},"23":{"start":{"line":57,"column":6},"end":{"line":57,"column":18}},"24":{"start":{"line":13,"column":13},"end":{"line":13,"column":33}},"25":{"start":{"line":13,"column":13},"end":{"line":60,"column":null}}},"fnMap":{"0":{"name":"(anonymous_2)","decl":{"start":{"line":16,"column":2},"end":{"line":16,"column":null}},"loc":{"start":{"line":18,"column":62},"end":{"line":19,"column":6}}},"1":{"name":"(anonymous_3)","decl":{"start":{"line":21,"column":2},"end":{"line":21,"column":7}},"loc":{"start":{"line":21,"column":36},"end":{"line":59,"column":3}}}},"branchMap":{"0":{"loc":{"start":{"line":23,"column":4},"end":{"line":24,"column":66}},"type":"if","locations":[{"start":{"line":23,"column":4},"end":{"line":24,"column":66}},{"start":{},"end":{}}]},"1":{"loc":{"start":{"line":27,"column":6},"end":{"line":45,"column":7}},"type":"if","locations":[{"start":{"line":27,"column":6},"end":{"line":45,"column":7}},{"start":{},"end":{}}]},"2":{"loc":{"start":{"line":28,"column":8},"end":{"line":29,"column":42}},"type":"binary-expr","locations":[{"start":{"line":28,"column":8},"end":{"line":28,"column":41}},{"start":{"line":29,"column":8},"end":{"line":29,"column":42}}]},"3":{"loc":{"start":{"line":55,"column":56},"end":{"line":55,"column":78}},"type":"binary-expr","locations":[{"start":{"line":55,"column":56},"end":{"line":55,"column":69}},{"start":{"line":55,"column":73},"end":{"line":55,"column":78}}]},"4":{"loc":{"start":{"line":17,"column":33},"end":{"line":17,"column":null}},"type":"cond-expr","locations":[{"start":{"line":17,"column":45},"end":{"line":17,"column":null}},{"start":{"line":17,"column":45},"end":{"line":17,"column":null}}]},"5":{"loc":{"start":{"line":17,"column":33},"end":{"line":17,"column":45}},"type":"binary-expr","locations":[{"start":{"line":17,"column":33},"end":{"line":17,"column":null}},{"start":{"line":17,"column":33},"end":{"line":17,"column":45}}]},"6":{"loc":{"start":{"line":17,"column":45},"end":{"line":18,"column":null}},"type":"cond-expr","locations":[{"start":{"line":18,"column":62},"end":{"line":18,"column":null}},{"start":{"line":18,"column":62},"end":{"line":18,"column":null}}]},"7":{"loc":{"start":{"line":17,"column":45},"end":{"line":18,"column":62}},"type":"binary-expr","locations":[{"start":{"line":17,"column":45},"end":{"line":18,"column":null}},{"start":{"line":18,"column":35},"end":{"line":18,"column":62}}]}},"s":{"0":0,"1":0,"2":0,"3":0,"4":0,"5":0,"6":0,"7":0,"8":0,"9":0,"10":0,"11":0,"12":0,"13":0,"14":0,"15":0,"16":0,"17":0,"18":0,"19":0,"20":0,"21":0,"22":0,"23":0,"24":0,"25":0},"f":{"0":0,"1":0},"b":{"0":[0,0],"1":[0,0],"2":[0,0],"3":[0,0],"4":[0,0],"5":[0,0],"6":[0,0],"7":[0,0]}}
,"F:\\orcamentos\\backend\\src\\modules\\whatsapp\\usecase\\send-message.usecase.ts": {"path":"F:\\orcamentos\\backend\\src\\modules\\whatsapp\\usecase\\send-message.usecase.ts","statementMap":{"0":{"start":{"line":1,"column":0},"end":{"line":1,"column":null}},"1":{"start":{"line":7,"column":0},"end":{"line":7,"column":91}},"2":{"start":{"line":9,"column":0},"end":{"line":9,"column":62}},"3":{"start":{"line":10,"column":0},"end":{"line":10,"column":63}},"4":{"start":{"line":11,"column":0},"end":{"line":11,"column":78}},"5":{"start":{"line":14,"column":31},"end":{"line":101,"column":null}},"6":{"start":{"line":18,"column":21},"end":{"line":18,"column":35}},"7":{"start":{"line":19,"column":21},"end":{"line":19,"column":32}},"8":{"start":{"line":20,"column":21},"end":{"line":20,"column":32}},"9":{"start":{"line":15,"column":19},"end":{"line":15,"column":64}},"10":{"start":{"line":24,"column":20},"end":{"line":24,"column":64}},"11":{"start":{"line":25,"column":4},"end":{"line":28,"column":8}},"12":{"start":{"line":26,"column":6},"end":{"line":28,"column":8}},"13":{"start":{"line":29,"column":16},"end":{"line":29,"column":65}},"14":{"start":{"line":30,"column":4},"end":{"line":33,"column":8}},"15":{"start":{"line":31,"column":6},"end":{"line":33,"column":8}},"16":{"start":{"line":35,"column":4},"end":{"line":35,"column":69}},"17":{"start":{"line":36,"column":25},"end":{"line":36,"column":63}},"18":{"start":{"line":37,"column":4},"end":{"line":40,"column":5}},"19":{"start":{"line":38,"column":6},"end":{"line":38,"column":69}},"20":{"start":{"line":39,"column":6},"end":{"line":39,"column":79}},"21":{"start":{"line":42,"column":4},"end":{"line":42,"column":80}},"22":{"start":{"line":43,"column":19},"end":{"line":43,"column":50}},"23":{"start":{"line":44,"column":22},"end":{"line":44,"column":52}},"24":{"start":{"line":45,"column":22},"end":{"line":45,"column":61}},"25":{"start":{"line":47,"column":4},"end":{"line":47,"column":73}},"26":{"start":{"line":48,"column":17},"end":{"line":57,"column":null}},"27":{"start":{"line":59,"column":4},"end":{"line":59,"column":null}},"28":{"start":{"line":60,"column":4},"end":{"line":60,"column":77}},"29":{"start":{"line":61,"column":4},"end":{"line":61,"column":78}},"30":{"start":{"line":62,"column":4},"end":{"line":62,"column":11}},"31":{"start":{"line":66,"column":4},"end":{"line":88,"column":6}},"32":{"start":{"line":77,"column":50},"end":{"line":82,"column":8}},"33":{"start":{"line":92,"column":4},"end":{"line":92,"column":54}},"34":{"start":{"line":96,"column":4},"end":{"line":99,"column":7}},"35":{"start":{"line":14,"column":13},"end":{"line":14,"column":31}},"36":{"start":{"line":14,"column":13},"end":{"line":101,"column":null}}},"fnMap":{"0":{"name":"(anonymous_2)","decl":{"start":{"line":17,"column":2},"end":{"line":17,"column":null}},"loc":{"start":{"line":20,"column":44},"end":{"line":21,"column":6}}},"1":{"name":"(anonymous_3)","decl":{"start":{"line":23,"column":2},"end":{"line":23,"column":7}},"loc":{"start":{"line":23,"column":47},"end":{"line":63,"column":3}}},"2":{"name":"(anonymous_4)","decl":{"start":{"line":65,"column":10},"end":{"line":65,"column":22}},"loc":{"start":{"line":65,"column":28},"end":{"line":89,"column":3}}},"3":{"name":"(anonymous_5)","decl":{"start":{"line":77,"column":37},"end":{"line":77,"column":38}},"loc":{"start":{"line":77,"column":50},"end":{"line":82,"column":8}}},"4":{"name":"(anonymous_6)","decl":{"start":{"line":91,"column":10},"end":{"line":91,"column":20}},"loc":{"start":{"line":91,"column":31},"end":{"line":93,"column":3}}},"5":{"name":"(anonymous_7)","decl":{"start":{"line":95,"column":10},"end":{"line":95,"column":24}},"loc":{"start":{"line":95,"column":38},"end":{"line":100,"column":3}}}},"branchMap":{"0":{"loc":{"start":{"line":25,"column":4},"end":{"line":28,"column":8}},"type":"if","locations":[{"start":{"line":25,"column":4},"end":{"line":28,"column":8}},{"start":{},"end":{}}]},"1":{"loc":{"start":{"line":30,"column":4},"end":{"line":33,"column":8}},"type":"if","locations":[{"start":{"line":30,"column":4},"end":{"line":33,"column":8}},{"start":{},"end":{}}]},"2":{"loc":{"start":{"line":37,"column":4},"end":{"line":40,"column":5}},"type":"if","locations":[{"start":{"line":37,"column":4},"end":{"line":40,"column":5}},{"start":{},"end":{}}]},"3":{"loc":{"start":{"line":18,"column":35},"end":{"line":18,"column":null}},"type":"cond-expr","locations":[{"start":{"line":18,"column":62},"end":{"line":18,"column":null}},{"start":{"line":18,"column":62},"end":{"line":18,"column":null}}]},"4":{"loc":{"start":{"line":18,"column":35},"end":{"line":18,"column":62}},"type":"binary-expr","locations":[{"start":{"line":18,"column":35},"end":{"line":18,"column":null}},{"start":{"line":18,"column":35},"end":{"line":18,"column":62}}]},"5":{"loc":{"start":{"line":18,"column":62},"end":{"line":19,"column":null}},"type":"cond-expr","locations":[{"start":{"line":19,"column":57},"end":{"line":19,"column":null}},{"start":{"line":19,"column":57},"end":{"line":19,"column":null}}]},"6":{"loc":{"start":{"line":18,"column":62},"end":{"line":19,"column":57}},"type":"binary-expr","locations":[{"start":{"line":18,"column":62},"end":{"line":19,"column":null}},{"start":{"line":19,"column":32},"end":{"line":19,"column":57}}]},"7":{"loc":{"start":{"line":19,"column":57},"end":{"line":20,"column":null}},"type":"cond-expr","locations":[{"start":{"line":20,"column":44},"end":{"line":20,"column":null}},{"start":{"line":20,"column":44},"end":{"line":20,"column":null}}]},"8":{"loc":{"start":{"line":19,"column":57},"end":{"line":20,"column":44}},"type":"binary-expr","locations":[{"start":{"line":19,"column":57},"end":{"line":20,"column":null}},{"start":{"line":20,"column":32},"end":{"line":20,"column":44}}]}},"s":{"0":0,"1":0,"2":0,"3":0,"4":0,"5":0,"6":0,"7":0,"8":0,"9":0,"10":0,"11":0,"12":0,"13":0,"14":0,"15":0,"16":0,"17":0,"18":0,"19":0,"20":0,"21":0,"22":0,"23":0,"24":0,"25":0,"26":0,"27":0,"28":0,"29":0,"30":0,"31":0,"32":0,"33":0,"34":0,"35":0,"36":0},"f":{"0":0,"1":0,"2":0,"3":0,"4":0,"5":0},"b":{"0":[0,0],"1":[0,0],"2":[0,0],"3":[0,0],"4":[0,0],"5":[0,0],"6":[0,0],"7":[0,0],"8":[0,0]}}
,"F:\\orcamentos\\backend\\src\\modules\\whatsapp\\usecase\\update-status-connection-usecase.ts": {"path":"F:\\orcamentos\\backend\\src\\modules\\whatsapp\\usecase\\update-status-connection-usecase.ts","statementMap":{"0":{"start":{"line":1,"column":0},"end":{"line":1,"column":52}},"1":{"start":{"line":3,"column":0},"end":{"line":3,"column":68}},"2":{"start":{"line":4,"column":0},"end":{"line":4,"column":78}},"3":{"start":{"line":7,"column":42},"end":{"line":62,"column":null}},"4":{"start":{"line":10,"column":31},"end":{"line":10,"column":45}},"5":{"start":{"line":8,"column":19},"end":{"line":8,"column":75}},"6":{"start":{"line":16,"column":20},"end":{"line":16,"column":71}},"7":{"start":{"line":17,"column":4},"end":{"line":20,"column":5}},"8":{"start":{"line":18,"column":6},"end":{"line":18,"column":68}},"9":{"start":{"line":19,"column":6},"end":{"line":19,"column":18}},"10":{"start":{"line":21,"column":4},"end":{"line":27,"column":5}},"11":{"start":{"line":22,"column":6},"end":{"line":24,"column":8}},"12":{"start":{"line":25,"column":6},"end":{"line":25,"column":63}},"13":{"start":{"line":26,"column":6},"end":{"line":26,"column":13}},"14":{"start":{"line":29,"column":4},"end":{"line":32,"column":6}},"15":{"start":{"line":33,"column":4},"end":{"line":33,"column":11}},"16":{"start":{"line":40,"column":26},"end":{"line":44,"column":6}},"17":{"start":{"line":45,"column":4},"end":{"line":45,"column":50}},"18":{"start":{"line":46,"column":4},"end":{"line":46,"column":11}},"19":{"start":{"line":53,"column":4},"end":{"line":60,"column":5}},"20":{"start":{"line":54,"column":28},"end":{"line":57,"column":8}},"21":{"start":{"line":58,"column":6},"end":{"line":58,"column":52}},"22":{"start":{"line":59,"column":6},"end":{"line":59,"column":13}},"23":{"start":{"line":7,"column":13},"end":{"line":7,"column":42}},"24":{"start":{"line":7,"column":13},"end":{"line":62,"column":null}}},"fnMap":{"0":{"name":"(anonymous_2)","decl":{"start":{"line":10,"column":2},"end":{"line":10,"column":31}},"loc":{"start":{"line":10,"column":72},"end":{"line":10,"column":76}}},"1":{"name":"(anonymous_3)","decl":{"start":{"line":11,"column":2},"end":{"line":11,"column":7}},"loc":{"start":{"line":13,"column":24},"end":{"line":34,"column":3}}},"2":{"name":"(anonymous_4)","decl":{"start":{"line":36,"column":2},"end":{"line":36,"column":7}},"loc":{"start":{"line":38,"column":24},"end":{"line":47,"column":3}}},"3":{"name":"(anonymous_5)","decl":{"start":{"line":48,"column":2},"end":{"line":48,"column":7}},"loc":{"start":{"line":50,"column":24},"end":{"line":61,"column":3}}}},"branchMap":{"0":{"loc":{"start":{"line":17,"column":4},"end":{"line":20,"column":5}},"type":"if","locations":[{"start":{"line":17,"column":4},"end":{"line":20,"column":5}},{"start":{},"end":{}}]},"1":{"loc":{"start":{"line":21,"column":4},"end":{"line":27,"column":5}},"type":"if","locations":[{"start":{"line":21,"column":4},"end":{"line":27,"column":5}},{"start":{},"end":{}}]},"2":{"loc":{"start":{"line":53,"column":4},"end":{"line":60,"column":5}},"type":"if","locations":[{"start":{"line":53,"column":4},"end":{"line":60,"column":5}},{"start":{},"end":{}}]},"3":{"loc":{"start":{"line":10,"column":45},"end":{"line":10,"column":75}},"type":"cond-expr","locations":[{"start":{"line":10,"column":72},"end":{"line":10,"column":75}},{"start":{"line":10,"column":72},"end":{"line":10,"column":75}}]},"4":{"loc":{"start":{"line":10,"column":45},"end":{"line":10,"column":72}},"type":"binary-expr","locations":[{"start":{"line":10,"column":45},"end":{"line":10,"column":75}},{"start":{"line":10,"column":45},"end":{"line":10,"column":72}}]}},"s":{"0":0,"1":0,"2":0,"3":0,"4":0,"5":0,"6":0,"7":0,"8":0,"9":0,"10":0,"11":0,"12":0,"13":0,"14":0,"15":0,"16":0,"17":0,"18":0,"19":0,"20":0,"21":0,"22":0,"23":0,"24":0},"f":{"0":0,"1":0,"2":0,"3":0},"b":{"0":[0,0],"1":[0,0],"2":[0,0],"3":[0,0],"4":[0,0]}}
,"F:\\orcamentos\\backend\\src\\modules\\whatsapp\\usecase\\webhook.usecase.ts": {"path":"F:\\orcamentos\\backend\\src\\modules\\whatsapp\\usecase\\webhook.usecase.ts","statementMap":{"0":{"start":{"line":1,"column":0},"end":{"line":1,"column":60}},"1":{"start":{"line":3,"column":0},"end":{"line":3,"column":93}},"2":{"start":{"line":6,"column":27},"end":{"line":31,"column":null}},"3":{"start":{"line":9,"column":31},"end":{"line":9,"column":44}},"4":{"start":{"line":7,"column":19},"end":{"line":7,"column":60}},"5":{"start":{"line":18,"column":4},"end":{"line":29,"column":5}},"6":{"start":{"line":19,"column":6},"end":{"line":19,"column":125}},"7":{"start":{"line":21,"column":6},"end":{"line":24,"column":7}},"8":{"start":{"line":22,"column":8},"end":{"line":22,"column":76}},"9":{"start":{"line":23,"column":8},"end":{"line":23,"column":85}},"10":{"start":{"line":26,"column":6},"end":{"line":26,"column":13}},"11":{"start":{"line":28,"column":6},"end":{"line":28,"column":80}},"12":{"start":{"line":6,"column":13},"end":{"line":6,"column":27}},"13":{"start":{"line":6,"column":13},"end":{"line":31,"column":null}}},"fnMap":{"0":{"name":"(anonymous_2)","decl":{"start":{"line":9,"column":2},"end":{"line":9,"column":31}},"loc":{"start":{"line":9,"column":68},"end":{"line":9,"column":72}}},"1":{"name":"(anonymous_3)","decl":{"start":{"line":11,"column":2},"end":{"line":11,"column":7}},"loc":{"start":{"line":17,"column":3},"end":{"line":30,"column":3}}}},"branchMap":{"0":{"loc":{"start":{"line":21,"column":6},"end":{"line":24,"column":7}},"type":"if","locations":[{"start":{"line":21,"column":6},"end":{"line":24,"column":7}},{"start":{},"end":{}}]},"1":{"loc":{"start":{"line":28,"column":54},"end":{"line":28,"column":76}},"type":"binary-expr","locations":[{"start":{"line":28,"column":54},"end":{"line":28,"column":67}},{"start":{"line":28,"column":71},"end":{"line":28,"column":76}}]},"2":{"loc":{"start":{"line":9,"column":44},"end":{"line":9,"column":71}},"type":"cond-expr","locations":[{"start":{"line":9,"column":68},"end":{"line":9,"column":71}},{"start":{"line":9,"column":68},"end":{"line":9,"column":71}}]},"3":{"loc":{"start":{"line":9,"column":44},"end":{"line":9,"column":68}},"type":"binary-expr","locations":[{"start":{"line":9,"column":44},"end":{"line":9,"column":71}},{"start":{"line":9,"column":44},"end":{"line":9,"column":68}}]}},"s":{"0":0,"1":0,"2":0,"3":0,"4":0,"5":0,"6":0,"7":0,"8":0,"9":0,"10":0,"11":0,"12":0,"13":0},"f":{"0":0,"1":0},"b":{"0":[0,0],"1":[0,0],"2":[0,0],"3":[0,0]}}
}
